(apthunter) riru@vm-riru-01:~/APTHunter/APTHunter/4-Detection-Engine$ python3 detection_engine_APTHunt_DARPA.py
2019-05-13 18:00:00-04:00
2019-05-15 12:00:00-04:00
I am APTHunt script
Incoming_Connections
Empty DataFrame
Columns: [host, detection_timestamp, source, SYSCALL, detection_details, threat_Score, certainity_Score]
Index: []

T1190 Exploit Public-Facing Applications (Initial Compromise)
          host                  detection_timestamp                                     source  SYSCALL detection_details  threat_Score  certainity_Score
0  ta1-trace-2  2019-05-14T10:21:33.000000000-04:00  sshd:DEF8FC47-7A9A-FBED-6B2A-08B2189BECCD  CONNECT  35.106.122.76:80           5.0              10.0

T1571 Non_Standard_Port (Initial Compromise)
          host                  detection_timestamp                                     source  SYSCALL detection_details  threat_Score  certainity_Score
0  ta1-trace-2  2019-05-14T10:21:33.000000000-04:00  sshd:DEF8FC47-7A9A-FBED-6B2A-08B2189BECCD  CONNECT  35.106.122.76:80           5.0              10.0

T1584-001 Domain_Hijaking
Empty DataFrame
Columns: [host, detection_timestamp, source, SYSCALL, Intermediate_process, SYSCALL_2, IP Address, Count, threat_Score, certainity_Score]
Index: []

               2019-05-14T19:42:08.000000000  2019-05-14T19:42:08.000000000      1
                                                      sshd:597A65DA-73E8-E4AA-B501-1E84393A9328 EXECUTE   sshd               2019-05-14T19:45:51.000000000  2019-05-14T19:45:51.000000000      1
                                                      sshd:90DCEF2D-2B21-8771-1441-E6DF41F2D9C5 EXECUTE   sshd               2019-05-14T19:45:57.000000000  2019-05-14T19:45:57.000000000      1
                                                      sshd:64D7702E-61C5-A974-5512-0752BFC5E1F6 EXECUTE   sshd               2019-05-14T19:46:03.000000000  2019-05-14T19:46:03.000000000      1
                                                      sshd:24FF73C2-292A-8CB7-AF4C-F592C3671674 EXECUTE   sshd               2019-05-14T19:46:08.000000000  2019-05-14T19:46:08.000000000      1
                                                      sshd:C0E8EC1C-D170-7CB8-45FE-82727D98D5E0 EXECUTE   sshd               2019-05-14T19:46:33.000000000  2019-05-14T19:46:33.000000000      1
                                                      sshd:2A25C37B-AB3F-EA18-CD51-49A4FF4CFC9A FORK      sshd               2019-05-14T19:46:34.000000000  2019-05-14T19:46:34.000000000      1
                                                      sshd:AC3DF300-CA2B-5061-814F-BEFF53F6C92E EXECUTE   sshd               2019-05-14T19:48:11.000000000  2019-05-14T19:48:11.000000000      1
                                                      sshd:A0D2E24D-EF84-EB06-877B-17BB876D8B10 EXECUTE   sshd               2019-05-14T19:49:52.000000000  2019-05-14T19:49:52.000000000      1
                                                      sshd:ABB2A461-220A-9767-248C-C56345E9EC00 EXECUTE   sshd               2019-05-14T19:50:53.000000000  2019-05-14T19:50:53.000000000      1
                                                      sshd:EB10C30D-5B02-5D68-7834-EB3331F11C14 FORK      sshd               2019-05-14T19:50:54.000000000  2019-05-14T19:50:54.000000000      1
                                                      sshd:329C0251-C2F0-89B7-7758-7CD7C1C8DEA6 EXECUTE   sshd               2019-05-14T19:50:57.000000000  2019-05-14T19:50:57.000000000      1
                                                      sshd:00EAABA5-1435-96AF-B430-52B65732BA4C FORK      sshd               2019-05-14T19:53:12.000000000  2019-05-14T19:53:12.000000000      1
                                                      sshd:D12E3E0C-F44E-3D66-1D25-B51357B3F867 EXECUTE   sshd               2019-05-14T19:53:12.000000000  2019-05-14T19:53:12.000000000      1
                                                      sshd:7B41C8AA-3C17-2F0B-793E-C31E9A49ADFD FORK      sshd               2019-05-14T19:53:33.000000000  2019-05-14T19:53:33.000000000      1
                                                      sshd:7BF767D1-2686-73FA-49B0-B54E1BDB81F9 EXECUTE   sshd               2019-05-14T19:53:33.000000000  2019-05-14T19:53:33.000000000      1
                                                      sshd:88FF1879-8CAF-AF42-79CF-E7309E51B622 EXECUTE   sshd               2019-05-14T19:53:44.000000000  2019-05-14T19:53:44.000000000      1
                                                      sshd:6EDAF31C-BBAC-BED4-7282-B493630CCDBC EXECUTE   sshd               2019-05-14T19:54:42.000000000  2019-05-14T19:54:42.000000000      1
                                                      sshd:364C4A7A-2922-A32F-2889-4AC79955C803 EXECUTE   sshd               2019-05-14T19:56:23.000000000  2019-05-14T19:56:23.000000000      1
                                                      sshd:38AD5A57-2A90-E073-D6BB-A8AE20E87170 EXECUTE   sshd               2019-05-14T19:59:17.000000000  2019-05-14T19:59:17.000000000      1
                                                      sshd:74CBD36F-3B4E-3D87-36CE-BFCC5F21A3DB EXECUTE   sshd               2019-05-14T19:59:23.000000000  2019-05-14T19:59:23.000000000      1
                                                      sshd:348BE12E-CB96-E558-FB4C-5D263FC52702 EXECUTE   sshd               2019-05-14T20:00:22.000000000  2019-05-14T20:00:22.000000000      1
                                                      sshd:928EC2F3-0B94-1228-A817-A8B9E913B609 EXECUTE   sshd               2019-05-14T20:00:36.000000000  2019-05-14T20:00:36.000000000      1
                                                      sshd:66609043-F2E4-06FE-479B-714126AD76BA EXECUTE   sshd               2019-05-14T20:00:46.000000000  2019-05-14T20:00:46.000000000      1
                                                      sshd:D464A078-EB23-4E8D-84BD-21139B1B1A51 EXECUTE   sshd               2019-05-14T20:00:50.000000000  2019-05-14T20:00:50.000000000      1
                                                      sshd:BE8F911B-38F9-4565-A7FB-245ACB5537D5 FORK      sshd               2019-05-14T20:00:50.000000000  2019-05-14T20:00:50.000000000      1
                                                      sshd:0E67FD5D-0DAC-CDB7-215A-1F6BE1FDFFD9 EXECUTE   sshd               2019-05-14T20:00:51.000000000  2019-05-14T20:00:51.000000000      1
                                                      sshd:224C1666-6ED5-82D2-84E1-DB7D5E4FA9CA EXECUTE   sshd               2019-05-14T20:00:58.000000000  2019-05-14T20:00:58.000000000      1
                                                      sshd:43ECD7AC-70BB-776C-E40E-337C64D0333F EXECUTE   sshd               2019-05-14T20:02:01.000000000  2019-05-14T20:02:01.000000000      1
                                                      sshd:CA5A7434-0BEA-BC3A-F498-FB328517B2D0 EXECUTE   sshd               2019-05-14T20:02:43.000000000  2019-05-14T20:02:43.000000000      1
                                                      sshd:939E8FEA-8934-879F-F50D-F21C82860D09 FORK      sshd               2019-05-14T20:02:43.000000000  2019-05-14T20:02:43.000000000      1
                                                      sshd:CE5E758C-1812-1C0E-8CB4-A43711CBF42D EXECUTE   sshd               2019-05-14T20:03:31.000000000  2019-05-14T20:03:31.000000000      1
                                                      sshd:41280A49-94D6-C5EF-C414-97D39D800764 FORK      sshd               2019-05-14T20:03:32.000000000  2019-05-14T20:03:32.000000000      1
                                                      sshd:8DCBF317-F8D6-F8A8-7204-25B822289A5E FORK      sshd               2019-05-14T20:04:21.000000000  2019-05-14T20:04:22.000000000      2
                                                      sshd:109DA47B-D3A2-B153-F500-F19F4AFEF33F EXECUTE   sshd               2019-05-14T20:04:21.000000000  2019-05-14T20:04:21.000000000      1
                                                      sshd:F8A77A10-1571-27D3-1899-E8DD75465562 EXECUTE   sh                 2019-05-14T20:04:21.000000000  2019-05-14T20:04:21.000000000      1
                                                      sshd:EFA643BB-4921-5A13-E97E-F81A6784197D EXECUTE   sshd               2019-05-14T20:05:58.000000000  2019-05-14T20:05:58.000000000      1
                                                      sshd:74D0DCB2-482B-01A9-82C0-763E982F6750 EXECUTE   sh                 2019-05-14T20:05:58.000000000  2019-05-14T20:05:58.000000000      1
                                                      sshd:8E6D5AB1-85B2-D24A-508E-B4FA79542249 FORK      sshd               2019-05-14T20:05:58.000000000  2019-05-14T20:05:59.000000000      2
                                                      sshd:2BB32340-04EC-AB55-8393-86251BC640FA FORK      sshd               2019-05-14T20:07:52.000000000  2019-05-14T20:07:53.000000000      2
                                                      sshd:BB99C984-821D-3D25-4F25-308F01A92C37 EXECUTE   sshd               2019-05-14T20:07:52.000000000  2019-05-14T20:07:52.000000000      1
                                                      sshd:891E2680-C13F-0B43-2AB7-5D9130D7655C EXECUTE   sh                 2019-05-14T20:07:52.000000000  2019-05-14T20:07:52.000000000      1
                                                      sshd:71DF36CE-35AF-011D-C456-C7CA276141B6 FORK      sshd               2019-05-14T20:09:10.000000000  2019-05-14T20:09:10.000000000      1
                                                      sshd:6D2FCF29-C7BE-2D71-963C-61F2C3A97C27 FORK      sshd               2019-05-14T20:09:10.000000000  2019-05-14T20:09:12.000000000      2
                                                      sshd:B344E567-0D59-F7F3-868F-26C8190970F4 EXECUTE   sh                 2019-05-14T20:09:10.000000000  2019-05-14T20:09:10.000000000      1
                                                      sshd:04C6299A-0484-25E8-5BF6-94C94770135F EXECUTE   sshd               2019-05-14T20:09:10.000000000  2019-05-14T20:09:10.000000000      1
                                                      sshd:850377E7-79EC-77E9-4D66-842D82EFA490 EXECUTE   sshd               2019-05-14T20:09:10.000000000  2019-05-14T20:09:10.000000000      1
                                                      sshd:7EA7DD71-DA94-D236-1EA0-0993C80333D6 EXECUTE   sh                 2019-05-14T20:09:10.000000000  2019-05-14T20:09:10.000000000      1
                                                      sshd:88147358-6462-69CE-2BB6-AB8DC7E37097 FORK      sshd               2019-05-14T20:09:18.000000000  2019-05-14T20:09:18.000000000      1
                                                      sshd:EE0E21D1-B18A-0D43-400E-308070A543A4 EXECUTE   sshd               2019-05-14T20:09:18.000000000  2019-05-14T20:09:18.000000000      1
                                                      sshd:C9A677E1-F391-08E5-419C-ABE642C910F6 EXECUTE   sh                 2019-05-14T20:09:18.000000000  2019-05-14T20:09:18.000000000      1
                                                      sshd:8FA8D779-2916-D8CE-4D64-31AA842626A2 EXECUTE   sshd               2019-05-14T20:11:22.000000000  2019-05-14T20:11:22.000000000      1
                                                      sshd:7A9B6138-7912-48E2-9140-72229ADA5A47 FORK      sshd               2019-05-14T20:11:55.000000000  2019-05-14T20:11:55.000000000      1
                                                      sshd:7E075A07-657E-44C3-8512-4EEE84B0ED02 EXECUTE   sshd               2019-05-14T20:11:55.000000000  2019-05-14T20:11:55.000000000      1
                                                      sshd:014A64D8-E559-E866-05A7-04BFCA6F1F66 EXECUTE   sshd               2019-05-14T20:12:59.000000000  2019-05-14T20:12:59.000000000      1
                                                      sshd:BCB7E8BA-EA34-CA99-564D-DA98137580BB FORK      sshd               2019-05-14T20:12:59.000000000  2019-05-14T20:12:59.000000000      1
                                                      sshd:9ADD3820-8075-B1FC-5A5C-BF12639B50B6 EXECUTE   sshd               2019-05-14T20:14:49.000000000  2019-05-14T20:14:49.000000000      1
                                                      sshd:70FFD101-EFC3-9403-7B7C-7D091788599C EXECUTE   sshd               2019-05-14T20:15:44.000000000  2019-05-14T20:15:44.000000000      1
                                                      sshd:59673300-40CC-3893-7487-D4580A958CFD FORK      sshd               2019-05-14T20:15:45.000000000  2019-05-14T20:15:45.000000000      1
                                                      sshd:385DF511-459C-CFC4-7D27-4F36B92F52A6 FORK      sshd               2019-05-14T20:15:48.000000000  2019-05-14T20:15:49.000000000      2
                                                      sshd:6CD8DB98-9C7E-B057-6757-82FF33C71A48 EXECUTE   sshd               2019-05-14T20:15:48.000000000  2019-05-14T20:15:48.000000000      1
                                                      sshd:89DBE38D-698B-33DE-D7DB-3E86FE355704 EXECUTE   sh                 2019-05-14T20:15:48.000000000  2019-05-14T20:15:48.000000000      1
                                                      sshd:3F918C84-8753-3925-CFB3-0C8EEE28BE15 EXECUTE   sshd               2019-05-14T20:15:49.000000000  2019-05-14T20:15:49.000000000      1
                                                      sshd:3315B5D6-37DC-D377-F6D1-A8BC3EC81F23 EXECUTE   sh                 2019-05-14T20:15:50.000000000  2019-05-14T20:15:50.000000000      1
                                                      sshd:CDF69423-57C9-81B4-0137-253FD853B5E1 FORK      sshd               2019-05-14T20:15:50.000000000  2019-05-14T20:15:50.000000000      1
                                                      sshd:EE6482A1-0228-4B18-D339-45039EA1B4B6 EXECUTE   sh                 2019-05-14T20:15:58.000000000  2019-05-14T20:15:58.000000000      1
                                                      sshd:B8DB8C67-440E-8936-36B4-8721E2F6CD21 EXECUTE   sshd               2019-05-14T20:15:58.000000000  2019-05-14T20:15:58.000000000      1
                                                      sshd:00B18C55-F1AE-8ECA-6C55-A93E1496CB19 FORK      sshd               2019-05-14T20:15:58.000000000  2019-05-14T20:15:58.000000000      1
                                                      sshd:2152AED1-CA9F-8F9C-63CD-4F228BFA4C79 EXECUTE   sshd               2019-05-14T20:16:15.000000000  2019-05-14T20:16:15.000000000      1
                                                      sshd:91707C3D-9285-AC81-8121-70FECC01F860 FORK      sshd               2019-05-14T20:16:16.000000000  2019-05-14T20:16:16.000000000      1
                                                      sshd:B28A5FA2-A1A6-1733-D43C-C825ADDD092F EXECUTE   sh                 2019-05-14T20:16:16.000000000  2019-05-14T20:16:16.000000000      1
                                                      sshd:4E849C59-F358-D676-C93A-16CED094E66C FORK      sshd               2019-05-14T20:16:18.000000000  2019-05-14T20:16:18.000000000      1
                                                      sshd:BF90A331-CBBB-0303-04B7-5FAA055D06FF EXECUTE   sshd               2019-05-14T20:16:18.000000000  2019-05-14T20:16:18.000000000      1
                                                      sshd:7DE8A031-BDD1-1032-533E-3A5B504E79F0 EXECUTE   sh                 2019-05-14T20:16:18.000000000  2019-05-14T20:16:18.000000000      1
                                                      sshd:3CDFADE9-3025-D26E-D776-1E195A4365A9 FORK      sshd               2019-05-14T20:16:20.000000000  2019-05-14T20:16:21.000000000      2
                                                      sshd:D6E4F5B7-C007-4D9F-A6C8-DD7C3C068A39 EXECUTE   sshd               2019-05-14T20:16:20.000000000  2019-05-14T20:16:20.000000000      1
                                                      sshd:74C3B083-DDFC-C9A8-4F64-39CAF8D5ACA6 EXECUTE   sh                 2019-05-14T20:16:20.000000000  2019-05-14T20:16:20.000000000      1
                                                      sshd:9B1D8DCB-B24F-5525-7385-4D7538085B09 EXECUTE   sshd               2019-05-14T20:16:22.000000000  2019-05-14T20:16:22.000000000      1
                                                      sshd:FC2D3459-0928-9FE1-3746-DC3DE7D35C59 FORK      sshd               2019-05-14T20:16:22.000000000  2019-05-14T20:16:22.000000000      1
                                                      sshd:77855467-6DA9-434E-FE02-F0F4F77E42F2 EXECUTE   sh                 2019-05-14T20:16:22.000000000  2019-05-14T20:16:22.000000000      1
                                                      sshd:32DF9409-F013-4064-D0CE-C9177904925B EXECUTE   sshd               2019-05-14T20:16:32.000000000  2019-05-14T20:16:32.000000000      1
                                                      sshd:3391346A-3AE0-A3E8-FF63-5C9AE9E98638 EXECUTE   sh                 2019-05-14T20:16:32.000000000  2019-05-14T20:16:32.000000000      1
                                                      sshd:70E6A1D6-BEEF-344B-6710-A19258DE605B FORK      sshd               2019-05-14T20:16:32.000000000  2019-05-14T20:16:32.000000000      1
                                                      sshd:C6DECDA2-7F26-2B3A-D3D8-C0E2B1566915 EXECUTE   sh                 2019-05-14T20:16:35.000000000  2019-05-14T20:16:35.000000000      1
                                                      sshd:B80027A9-A601-D5CA-446B-E9460C083AE0 FORK      sshd               2019-05-14T20:16:35.000000000  2019-05-14T20:16:35.000000000      1
                                                      sshd:847DC9F1-DCEC-FD5C-FF06-06C828E05D1F EXECUTE   sshd               2019-05-14T20:16:35.000000000  2019-05-14T20:16:35.000000000      1
                                                      sshd:8A56A937-4A56-03F6-50A2-418D3D5A57DA EXECUTE   sshd               2019-05-14T20:16:50.000000000  2019-05-14T20:16:50.000000000      1
                                                      sshd:3A6B58F2-6A71-E41C-0646-6DCADDD39DDD EXECUTE   sh                 2019-05-14T20:16:51.000000000  2019-05-14T20:16:51.000000000      1
                                                      sshd:2755DF63-39D2-09D3-F8F9-A0DA175FC55E FORK      sshd               2019-05-14T20:16:51.000000000  2019-05-14T20:16:51.000000000      1
                                                      sshd:133C67D4-473C-8F7F-2689-2B7B280F456C FORK      sshd               2019-05-14T20:16:53.000000000  2019-05-14T20:16:53.000000000      1
                                                      sshd:1A240371-5E19-7486-67E9-3D5D7CB46442 EXECUTE   sh                 2019-05-14T20:16:53.000000000  2019-05-14T20:16:53.000000000      1
                                                      sshd:D56E76C8-3C64-EF62-CDEB-803751709819 EXECUTE   sshd               2019-05-14T20:16:53.000000000  2019-05-14T20:16:53.000000000      1
                                                      sshd:9700D95E-5503-77C0-E8D7-8A0AB36DD723 FORK      sshd               2019-05-14T20:16:56.000000000  2019-05-14T20:16:56.000000000      1
                                                      sshd:A41A8DF2-5A6A-CACA-A70B-32F6D8BBA61A EXECUTE   sh                 2019-05-14T20:16:56.000000000  2019-05-14T20:16:56.000000000      1
                                                      sshd:F5F46F8A-656C-F65E-88F9-6B7DD333A3DA EXECUTE   sshd               2019-05-14T20:16:56.000000000  2019-05-14T20:16:56.000000000      1
                                                      sshd:C8E72FA4-A71F-C954-AB97-60816421BFCB EXECUTE   sh                 2019-05-14T20:17:17.000000000  2019-05-14T20:17:17.000000000      1
                                                      sshd:CF15C07F-B968-D563-811F-B6894A953CF4 EXECUTE   sshd               2019-05-14T20:17:17.000000000  2019-05-14T20:17:17.000000000      1
                                                      sshd:CAE934E8-8B99-A110-F358-DA1DFD14A1DD FORK      sshd               2019-05-14T20:17:17.000000000  2019-05-14T20:17:17.000000000      1
                                                      sshd:49DB9A99-AF81-D0B5-19B4-25C11CCFAF7D FORK      sshd               2019-05-14T20:17:23.000000000  2019-05-14T20:17:23.000000000      1
                                                      sshd:BA67B032-5C3D-FAEF-3A5E-CE1C2586DFE4 EXECUTE   sshd               2019-05-14T20:17:23.000000000  2019-05-14T20:17:23.000000000      1
                                                      sshd:1AD814EF-4D38-4862-EAE6-85EF558A9720 EXECUTE   sh                 2019-05-14T20:17:23.000000000  2019-05-14T20:17:23.000000000      1
                                                      sshd:EB85D2B4-B55D-22F5-A1CB-2C7C652504FC FORK      sshd               2019-05-14T20:17:33.000000000  2019-05-14T20:17:33.000000000      1
                                                      sshd:A19287F1-9E40-5C6E-1A8E-C99156CCC87E EXECUTE   sh                 2019-05-14T20:17:33.000000000  2019-05-14T20:17:33.000000000      1
                                                      sshd:20101701-61E1-5398-8E59-D177179DD129 EXECUTE   sshd               2019-05-14T20:17:33.000000000  2019-05-14T20:17:33.000000000      1
                                                      sshd:7BDF781B-5C7A-0F8E-0F9E-AA9E6D13B944 EXECUTE   sh                 2019-05-14T20:17:41.000000000  2019-05-14T20:17:41.000000000      1
                                                      sshd:7AC4C80B-CC7F-EDC6-376E-F350FE0EADAB EXECUTE   sshd               2019-05-14T20:17:41.000000000  2019-05-14T20:17:41.000000000      1
                                                      sshd:84CC312B-1453-0DEE-6ABD-EADCEB46572F FORK      sshd               2019-05-14T20:17:41.000000000  2019-05-14T20:17:41.000000000      1
                                                      sshd:665C120D-78A9-2016-E942-A85721774AA3 EXECUTE   sshd               2019-05-14T20:17:46.000000000  2019-05-14T20:17:46.000000000      1
                                                      sshd:D0203B8C-8165-645A-5534-096E90680A43 FORK      sshd               2019-05-14T20:17:47.000000000  2019-05-14T20:17:47.000000000      1
                                                      sshd:4F9BEC96-65EA-B04F-A4EF-95C0B8502CE9 EXECUTE   sh                 2019-05-14T20:17:47.000000000  2019-05-14T20:17:47.000000000      1
                                                      sshd:19DF538A-2261-1F67-4DFA-2421E24B20A9 EXECUTE   sshd               2019-05-14T20:17:56.000000000  2019-05-14T20:17:56.000000000      1
                                                      sshd:A13D9036-4D8A-D448-32BA-A45409AA98B0 EXECUTE   sh                 2019-05-14T20:17:57.000000000  2019-05-14T20:17:57.000000000      1
                                                      sshd:5CE07C72-1F0E-8EBB-0482-A905ACC9AF0A FORK      sshd               2019-05-14T20:17:57.000000000  2019-05-14T20:17:57.000000000      1
                                                      sshd:08FC6EFA-B24E-9E87-5761-844C046E6069 FORK      sshd               2019-05-14T20:18:08.000000000  2019-05-14T20:18:09.000000000      2
                                                      sshd:F4FBF0D9-9A4A-56FA-E515-34807D7238B0 EXECUTE   sh                 2019-05-14T20:18:08.000000000  2019-05-14T20:18:08.000000000      1
                                                      sshd:EB5D4E1A-32ED-EB8D-4C92-7FD817765EE8 EXECUTE   sshd               2019-05-14T20:18:08.000000000  2019-05-14T20:18:08.000000000      1
                                                      sshd:AD114917-2E8D-C8F2-B523-569E6D79B32D EXECUTE   sshd               2019-05-14T20:18:12.000000000  2019-05-14T20:18:12.000000000      1
                                                      sshd:94E95952-EA6F-7B59-D7DB-A47C8D83A8FE FORK      sshd               2019-05-14T20:18:13.000000000  2019-05-14T20:18:13.000000000      1
                                                      sshd:C364629F-124C-8988-C605-4C5748269BB1 EXECUTE   sh                 2019-05-14T20:18:13.000000000  2019-05-14T20:18:13.000000000      1
                                                      sshd:3BE1EC1A-B07D-B6E4-D8F1-D1E26655351D EXECUTE   sshd               2019-05-14T20:24:58.000000000  2019-05-14T20:24:58.000000000      1
                                                      sshd:3E492F15-E83B-79B5-0041-B1E6F25D2612 FORK      sshd               2019-05-14T20:24:58.000000000  2019-05-14T20:24:59.000000000      2
                                                      sshd:AEB00FEE-144F-CA06-8D14-C3DBA3518281 EXECUTE   sh                 2019-05-14T20:24:58.000000000  2019-05-14T20:24:58.000000000      1
                                                      sshd:2F2B64A5-9EE9-4585-FEFE-88932EBB7BFA EXECUTE   sh                 2019-05-14T20:25:10.000000000  2019-05-14T20:25:10.000000000      1
                                                      sshd:BF4079CB-679B-8816-95A8-70D0E2ECCEBA EXECUTE   sshd               2019-05-14T20:25:10.000000000  2019-05-14T20:25:10.000000000      1
                                                      sshd:3DAA35AA-A2AD-A20C-6E04-297DBEC1B6B5 FORK      sshd               2019-05-14T20:25:10.000000000  2019-05-14T20:25:10.000000000      1
                                                      sshd:E51817B0-8A97-E9AD-6DC4-87ED1E34E5CC EXECUTE   sshd               2019-05-14T20:25:28.000000000  2019-05-14T20:25:28.000000000      1
                                                      sshd:2E8F7C19-784D-A146-C7FC-8BCC3742D0A4 FORK      sshd               2019-05-14T20:25:28.000000000  2019-05-14T20:25:28.000000000      1
                                                      sshd:F25C4AEA-7617-1D10-C73D-0BB64675F7D8 EXECUTE   sh                 2019-05-14T20:25:28.000000000  2019-05-14T20:25:28.000000000      1
                                                      sshd:20CAADB0-6ABC-0A1E-6D23-3AF9416BC464 FORK      sshd               2019-05-14T20:25:56.000000000  2019-05-14T20:25:57.000000000      2
                                                      sshd:F2A705BD-DFE9-4FC6-F35D-E77F5A585BE9 EXECUTE   sh                 2019-05-14T20:25:56.000000000  2019-05-14T20:25:56.000000000      1
                                                      sshd:2C976154-CE12-19EF-2371-9F11087C0212 EXECUTE   sshd               2019-05-14T20:25:56.000000000  2019-05-14T20:25:56.000000000      1
                                                      sshd:AA306D35-5452-78B7-00C6-40A5DABD9F83 FORK      sshd               2019-05-14T20:26:09.000000000  2019-05-14T20:26:09.000000000      1
                                                      sshd:79F61ED6-C848-0DFA-3291-80DE7432D181 EXECUTE   sh                 2019-05-14T20:26:09.000000000  2019-05-14T20:26:09.000000000      1
                                                      sshd:1672B47B-2C5C-38FC-3727-0EBF73B52D1D EXECUTE   sshd               2019-05-14T20:26:09.000000000  2019-05-14T20:26:09.000000000      1
                                                      sshd:B7391BAE-A542-7BFA-FB54-44B9EF1C4959 EXECUTE   sshd               2019-05-14T20:26:28.000000000  2019-05-14T20:26:28.000000000      1
                                                      sshd:03595340-AB9F-966B-A2D6-E16952F60031 FORK      sshd               2019-05-14T20:26:29.000000000  2019-05-14T20:26:29.000000000      1
                                                      sshd:F608CE2F-2FC8-664B-080A-9F8080F31525 EXECUTE   sh                 2019-05-14T20:26:29.000000000  2019-05-14T20:26:29.000000000      1
                                                      sshd:93B00D4E-7197-58A2-712F-15FE7ED1BD8C EXECUTE   sshd               2019-05-14T20:26:30.000000000  2019-05-14T20:26:30.000000000      1
                                                      sshd:BDF44EFE-C783-FAF1-68F0-773A33371076 EXECUTE   sh                 2019-05-14T20:26:31.000000000  2019-05-14T20:26:31.000000000      1
                                                      sshd:79883E2F-3E87-0994-C4CE-20AC67D1BEAB FORK      sshd               2019-05-14T20:26:31.000000000  2019-05-14T20:26:31.000000000      1
                                                      sshd:5AEE879B-02A5-6C90-26E1-B8B40EA074C2 EXECUTE   sshd               2019-05-14T20:26:58.000000000  2019-05-14T20:26:58.000000000      1
                                                      sshd:178F8BE1-D9B9-E572-EA4D-7BB33CA200EC EXECUTE   sh                 2019-05-14T20:26:59.000000000  2019-05-14T20:26:59.000000000      1
                                                      sshd:F627B858-D748-605F-9E01-02A6741B3F7D FORK      sshd               2019-05-14T20:26:59.000000000  2019-05-14T20:26:59.000000000      1
                                                      sshd:32E20EAE-F5A1-D088-7CDA-0BAD71358FBC EXECUTE   sh                 2019-05-14T20:27:10.000000000  2019-05-14T20:27:10.000000000      1
                                                      sshd:9F6271C3-A9DF-A156-4B74-BBE5E79D58FB EXECUTE   sshd               2019-05-14T20:27:10.000000000  2019-05-14T20:27:10.000000000      1
                                                      sshd:AB71FB45-89F8-471D-DEFE-871A817A6B90 FORK      sshd               2019-05-14T20:27:10.000000000  2019-05-14T20:27:10.000000000      1
                                                      sshd:48DD4BA5-295D-AFE9-7CB0-B2023E703A31 EXECUTE   sshd               2019-05-14T20:27:26.000000000  2019-05-14T20:27:26.000000000      1
                                                      sshd:8E6BBE17-3C51-7F05-2668-C0949920EA74 FORK      sshd               2019-05-14T20:27:27.000000000  2019-05-14T20:27:27.000000000      1
                                                      sshd:AB9B7591-DAFC-929A-5A4C-B15268D5642B EXECUTE   sh                 2019-05-14T20:27:27.000000000  2019-05-14T20:27:27.000000000      1
                                                      sshd:31D70CB4-21FF-1FDE-EE54-B7C5253A383F EXECUTE   sshd               2019-05-14T20:27:31.000000000  2019-05-14T20:27:31.000000000      1
                                                      sshd:408FD693-AD31-6C08-BFA1-CC56C4C19CC0 EXECUTE   sshd               2019-05-14T20:27:31.000000000  2019-05-14T20:27:31.000000000      1
                                                      sshd:6DBBACEC-C94D-8C8C-0D3A-D26F32CC2C0F FORK      sshd               2019-05-14T20:27:31.000000000  2019-05-14T20:27:31.000000000      1
                                                      sshd:A4E48516-E18D-E576-8FFF-9CE8904A399A FORK      sshd               2019-05-14T20:27:31.000000000  2019-05-14T20:27:32.000000000      2
                                                      sshd:F4970925-8C50-1776-A095-93C7A6C53AB6 EXECUTE   sh                 2019-05-14T20:27:31.000000000  2019-05-14T20:27:31.000000000      1
                                                      sshd:5047B021-A4F3-97C0-40D7-604E715A7D0F EXECUTE   sh                 2019-05-14T20:27:31.000000000  2019-05-14T20:27:31.000000000      1
                                                      sshd:AD1DCD85-E221-2D97-1550-F4E12ABF7523 EXECUTE   sh                 2019-05-14T20:27:36.000000000  2019-05-14T20:27:36.000000000      1
                                                      sshd:52A3344E-9C55-CFD8-C47E-34A6CF371256 EXECUTE   sshd               2019-05-14T20:27:36.000000000  2019-05-14T20:27:36.000000000      1
                                                      sshd:EA7A0B81-B4A6-EBD1-6C28-CFCF146364CD FORK      sshd               2019-05-14T20:27:36.000000000  2019-05-14T20:27:36.000000000      1
                                                      sshd:83C57590-471E-35BD-24A8-02C20677FA75 EXECUTE   sshd               2019-05-14T20:27:39.000000000  2019-05-14T20:27:39.000000000      1
                                                      sshd:90E0C1FB-652A-0815-C7EB-182C907C74DC EXECUTE   sh                 2019-05-14T20:27:40.000000000  2019-05-14T20:27:40.000000000      1
                                                      sshd:029CB478-BB69-C93F-CCEC-B2B5B1469805 FORK      sshd               2019-05-14T20:27:40.000000000  2019-05-14T20:27:40.000000000      1
                                                      sshd:787CE225-E2E0-40AD-EC60-08043C9DE2CA EXECUTE   sshd               2019-05-14T20:27:41.000000000  2019-05-14T20:27:41.000000000      1
                                                      sshd:9523071A-15F7-F416-D516-20565E693DCA FORK      sshd               2019-05-14T20:27:41.000000000  2019-05-14T20:27:41.000000000      1
                                                      sshd:A0EED6EB-D179-9965-3BC2-A6D3F7D97382 EXECUTE   sh                 2019-05-14T20:27:41.000000000  2019-05-14T20:27:41.000000000      1
                                                      sshd:D5ACF1F6-0CF7-13CC-D979-FE66CBD464B6 EXECUTE   sh                 2019-05-14T20:27:42.000000000  2019-05-14T20:27:42.000000000      1
                                                      sshd:378DEAAB-67D4-B145-F1A0-F0055861B652 EXECUTE   sshd               2019-05-14T20:27:42.000000000  2019-05-14T20:27:42.000000000      1
                                                      sshd:D450DEB7-A458-D4DC-6DDA-35F7E5EF87BF FORK      sshd               2019-05-14T20:27:42.000000000  2019-05-14T20:27:43.000000000      2
                                                      sshd:285F64B4-ADCD-79F6-6712-4DAD2C182D0F EXECUTE   sshd               2019-05-14T20:27:50.000000000  2019-05-14T20:27:50.000000000      1
                                                      sshd:543578FB-A699-B409-0DDE-FC39C02B98B2 FORK      sshd               2019-05-14T20:27:50.000000000  2019-05-14T20:27:51.000000000      2
                                                      sshd:10DA85A2-C6CE-D18F-8430-B7BFD3305193 EXECUTE   sh                 2019-05-14T20:27:50.000000000  2019-05-14T20:27:50.000000000      1
                                                      sshd:36FC1045-BD10-FD41-11AB-2F8BE4BADFCB EXECUTE   sh                 2019-05-14T20:28:02.000000000  2019-05-14T20:28:02.000000000      1
                                                      sshd:70364288-2294-EFA1-00FD-486A92554824 EXECUTE   sshd               2019-05-14T20:28:02.000000000  2019-05-14T20:28:02.000000000      1
                                                      sshd:45561705-647D-D3E1-5870-B8F9F65954C2 FORK      sshd               2019-05-14T20:28:02.000000000  2019-05-14T20:28:02.000000000      1
                                                      sshd:7CCCCD35-1D40-40FB-8595-C59FED60C964 EXECUTE   sh                 2019-05-14T20:28:11.000000000  2019-05-14T20:28:11.000000000      1
                                                      sshd:22253AB5-F97A-E3D7-3E51-23569C8A248A FORK      sshd               2019-05-14T20:28:11.000000000  2019-05-14T20:28:11.000000000      1
                                                      sshd:BE5FB06B-AE3F-1718-BCED-554CE04DFD89 EXECUTE   sshd               2019-05-14T20:28:11.000000000  2019-05-14T20:28:11.000000000      1
                                                      sshd:6BB176AC-2680-7037-E0FD-846FC1E6ECBF EXECUTE   sshd               2019-05-14T20:28:53.000000000  2019-05-14T20:28:53.000000000      1
                                                      sshd:7AFC7CC2-9012-DBD8-3B27-D0E460D3F174 EXECUTE   sh                 2019-05-14T20:28:54.000000000  2019-05-14T20:28:54.000000000      1
                                                      sshd:BE582498-80D1-8A4D-2C5A-D361D5B194BA FORK      sshd               2019-05-14T20:28:54.000000000  2019-05-14T20:28:54.000000000      1
                                                      sshd:D1B8CF24-E07E-663F-F1A0-41DC7AB14E0C EXECUTE   sshd               2019-05-14T20:29:01.000000000  2019-05-14T20:29:01.000000000      1
                                                      sshd:820ADB1B-708D-08C5-9A58-EA5457095F5B EXECUTE   sh                 2019-05-14T20:29:01.000000000  2019-05-14T20:29:01.000000000      1
                                                      sshd:DCF8DED3-C615-A32B-DDDA-17BA2CADC26F FORK      sshd               2019-05-14T20:29:01.000000000  2019-05-14T20:29:02.000000000      2
                                                      sshd:999B4340-1614-4750-EB3F-193990E7B84E EXECUTE   sshd               2019-05-14T20:29:09.000000000  2019-05-14T20:29:09.000000000      1
                                                      sshd:C6C4AF5D-CA68-95A5-D6F6-21B14328CE40 EXECUTE   sh                 2019-05-14T20:29:10.000000000  2019-05-14T20:29:10.000000000      1
                                                      sshd:06659208-9B60-2554-B1B5-3FBCAF824098 FORK      sshd               2019-05-14T20:29:10.000000000  2019-05-14T20:29:10.000000000      1
                                                      sshd:C03E2B33-4364-1189-9726-A12A84368C8B EXECUTE   sh                 2019-05-14T20:29:11.000000000  2019-05-14T20:29:11.000000000      1
                                                      sshd:E5828EB5-62FA-2F48-5090-020FF1977026 FORK      sshd               2019-05-14T20:29:11.000000000  2019-05-14T20:29:11.000000000      1
                                                      sshd:4FD59796-18C5-657A-BD20-6F89FFFE771E EXECUTE   sshd               2019-05-14T20:29:11.000000000  2019-05-14T20:29:11.000000000      1
                                                      sshd:E796B383-9A3F-1137-9189-F4FFBDCC36F5 FORK      sshd               2019-05-14T20:29:16.000000000  2019-05-14T20:29:16.000000000      1
                                                      sshd:5706CA7B-75D8-44FB-8B85-1E3B3AC34274 EXECUTE   sshd               2019-05-14T20:29:16.000000000  2019-05-14T20:29:16.000000000      1
                                                      sshd:0DEDE79D-69DE-6C8D-1A4F-7BFC280F47B5 EXECUTE   sh                 2019-05-14T20:29:16.000000000  2019-05-14T20:29:16.000000000      1
                                                      sshd:8605FA8A-93D9-2895-45F9-FCD72000F48B EXECUTE   sshd               2019-05-14T20:29:38.000000000  2019-05-14T20:29:38.000000000      1
                                                      sshd:A9B68ED9-CF70-AA77-0FDA-1F5533DC795E FORK      sshd               2019-05-14T20:29:39.000000000  2019-05-14T20:29:39.000000000      1
                                                      sshd:A3DCF2E2-22A5-C8D7-CCC8-3668A0E8EBED EXECUTE   sh                 2019-05-14T20:29:39.000000000  2019-05-14T20:29:39.000000000      1
                                                      sshd:3D738802-1434-AFB0-A65D-094AED4EA68F EXECUTE   sh                 2019-05-14T20:29:48.000000000  2019-05-14T20:29:48.000000000      1
                                                      sshd:8CBA3F22-DAE0-869C-6FFF-2F0BB1A46AB5 FORK      sshd               2019-05-14T20:29:48.000000000  2019-05-14T20:29:49.000000000      2
                                                      sshd:C9E1757D-2275-93F8-F790-3D109B8A0638 EXECUTE   sshd               2019-05-14T20:29:48.000000000  2019-05-14T20:29:48.000000000      1
                                                      sshd:92EAECB1-F831-9F96-24D0-68631D3E44EA EXECUTE   sshd               2019-05-14T20:30:18.000000000  2019-05-14T20:30:18.000000000      1
                                                      sshd:67009EDB-3676-EE84-9454-3A372F509835 FORK      sshd               2019-05-14T20:30:18.000000000  2019-05-14T20:30:19.000000000      2
                                                      sshd:8C2A9416-395E-B734-F162-669CDB0F5530 EXECUTE   sh                 2019-05-14T20:30:18.000000000  2019-05-14T20:30:18.000000000      1
                                                      sshd:6DA83355-97AB-A6D0-A863-5FDEDDDEDD24 EXECUTE   sshd               2019-05-14T20:30:21.000000000  2019-05-14T20:30:21.000000000      1
                                                      sshd:18E214B9-8881-926F-A667-6C5E6B0CED42 FORK      sshd               2019-05-14T20:30:21.000000000  2019-05-14T20:30:22.000000000      2
                                                      sshd:A47571FA-9EA6-AAB3-DDF5-7AB1A9C6D4B4 EXECUTE   sh                 2019-05-14T20:30:21.000000000  2019-05-14T20:30:21.000000000      1
                                                      sshd:109CCB4C-D488-2625-9CCB-8F7C968FDEA5 EXECUTE   sshd               2019-05-14T20:31:59.000000000  2019-05-14T20:31:59.000000000      1
                                                      sshd:F73C611C-D7EC-4C80-F54A-CED7D789FABC FORK      sshd               2019-05-14T20:32:00.000000000  2019-05-14T20:32:00.000000000      1
                                                      sshd:A66526F1-9A8E-7761-0F47-240D3C91AE41 EXECUTE   sh                 2019-05-14T20:32:00.000000000  2019-05-14T20:32:00.000000000      1
                                                      sshd:5090DBE2-442F-2B5E-097F-1406F898028F FORK      sshd               2019-05-14T20:33:18.000000000  2019-05-14T20:33:19.000000000      2
                                                      sshd:9A398E21-F88D-36B7-C46B-B2905B8DBDD9 EXECUTE   sshd               2019-05-14T20:33:18.000000000  2019-05-14T20:33:18.000000000      1
                                                      sshd:C340BF09-8451-EC49-B7E4-664984FE7C8D EXECUTE   sh                 2019-05-14T20:33:18.000000000  2019-05-14T20:33:18.000000000      1
                                                      sshd:6663E6E6-9FB3-37DF-F200-1EB4246D6EF0 EXECUTE   sshd               2019-05-14T20:33:51.000000000  2019-05-14T20:33:51.000000000      1
                                                      sshd:DA8B4043-2CBF-41A7-55FA-E49ECD84DE79 FORK      sshd               2019-05-14T20:33:51.000000000  2019-05-14T20:33:51.000000000      1
                                                      sshd:761C1EEC-9D3D-A4B8-8737-3DD0FA5E1F30 EXECUTE   sshd               2019-05-14T20:35:15.000000000  2019-05-14T20:35:15.000000000      1
                                                      sshd:9D0417E0-D76C-BAAB-B1A0-A2D52AE97882 EXECUTE   sshd               2019-05-14T20:38:00.000000000  2019-05-14T20:38:00.000000000      1
                                                      sshd:5AD725D6-E54C-AFEE-F4B5-B0DEAB1B5DF0 EXECUTE   sshd               2019-05-14T20:41:52.000000000  2019-05-14T20:41:52.000000000      1
                                                      sshd:63B4A64C-8891-F2E1-661D-57F0CEDE550C EXECUTE   sshd               2019-05-14T20:44:12.000000000  2019-05-14T20:44:12.000000000      1
                                                      sshd:FE75ACE8-D02A-BF17-143C-6CFEC40E70C9 EXECUTE   sshd               2019-05-14T20:45:13.000000000  2019-05-14T20:45:13.000000000      1
                                                      sshd:21983E85-322D-7857-B052-18A94993231F EXECUTE   sshd               2019-05-14T20:45:18.000000000  2019-05-14T20:45:18.000000000      1
                                                      sshd:F5BE7F64-024C-E0BC-EA6D-40416B0CBDB2 EXECUTE   sshd               2019-05-14T20:45:19.000000000  2019-05-14T20:45:19.000000000      1
                                                      sshd:53BB2D6B-4015-B7E6-3769-D381A005ED11 EXECUTE   sshd               2019-05-14T20:45:20.000000000  2019-05-14T20:45:20.000000000      1
                                                      sshd:EDA3A7A5-A2F0-D0E9-588F-C95AB93F5930 EXECUTE   sshd               2019-05-14T20:45:32.000000000  2019-05-14T20:45:32.000000000      1
                                                      sshd:0003D4FC-CE3F-4720-DCD2-3D8EC95E3BE9 EXECUTE   sshd               2019-05-14T20:45:42.000000000  2019-05-14T20:45:42.000000000      1
                                                      sshd:4BE043AA-2263-C469-7F5C-EB9B192CDCA0 EXECUTE   sshd               2019-05-14T20:45:46.000000000  2019-05-14T20:45:46.000000000      1
                                                      sshd:34EC9E38-5DA4-3188-7FFF-645D739BAA76 EXECUTE   sshd               2019-05-14T20:45:53.000000000  2019-05-14T20:45:53.000000000      1
                                                      sshd:548F7EBE-2710-F85C-1324-5C481EEC56C9 FORK      sshd               2019-05-14T20:45:54.000000000  2019-05-14T20:45:54.000000000      1
                                                      sshd:93AEC8C3-4415-C992-FD9E-F00786D013F4 EXECUTE   sshd               2019-05-14T20:45:55.000000000  2019-05-14T20:45:55.000000000      1
                                                      sshd:4898F0AA-74C9-41B1-BE53-C1222701736D EXECUTE   sshd               2019-05-14T20:45:58.000000000  2019-05-14T20:45:58.000000000      1
                                                      sshd:B17FF1B9-0F0E-2728-2674-1C067CEDAA96 EXECUTE   sshd               2019-05-14T20:46:02.000000000  2019-05-14T20:46:02.000000000      1
                                                      sshd:80F04CE9-FB3A-5A96-6A97-11835B3BD462 EXECUTE   sshd               2019-05-14T20:46:12.000000000  2019-05-14T20:46:12.000000000      1
                                                      sshd:23AA33F2-77A0-0ECB-3998-2E6EFE6769AB EXECUTE   sshd               2019-05-14T20:46:18.000000000  2019-05-14T20:46:18.000000000      1
                                                      sshd:1E384701-FE50-0D0C-5917-859D9A7C5BAC EXECUTE   sshd               2019-05-14T20:46:22.000000000  2019-05-14T20:46:22.000000000      1
                                                      sshd:98DC06BF-9562-5766-3A14-259307D59F3A EXECUTE   sshd               2019-05-14T20:46:23.000000000  2019-05-14T20:46:23.000000000      1
                                                      sshd:787F226B-87D5-85E0-76A3-50C29B8C81AD EXECUTE   sshd               2019-05-14T20:46:33.000000000  2019-05-14T20:46:33.000000000      1
                                                      sshd:656FE3F0-FBCD-8186-2FD9-5B1CD25A0386 EXECUTE   sshd               2019-05-14T20:46:46.000000000  2019-05-14T20:46:46.000000000      1
                                                      sshd:B50B0CD5-C3F5-DDE7-4C55-E497DF2F0A07 FORK      sshd               2019-05-14T20:46:47.000000000  2019-05-14T20:46:47.000000000      1
                                                      sshd:4171DDA6-997E-BF57-0669-517C755F28A4 EXECUTE   sshd               2019-05-14T20:47:01.000000000  2019-05-14T20:47:01.000000000      1
                                                      sshd:65AC8C14-AE59-B686-23A8-404C6C57F4F2 EXECUTE   sshd               2019-05-14T20:47:03.000000000  2019-05-14T20:47:03.000000000      1
                                                      sshd:4C67909C-B3D1-35F6-EDDD-50497EE49BE6 EXECUTE   sshd               2019-05-14T20:47:05.000000000  2019-05-14T20:47:05.000000000      1
                                                      sshd:7CFA3D01-5834-C26B-2618-8D78865620F5 FORK      sshd               2019-05-14T20:47:05.000000000  2019-05-14T20:47:05.000000000      1
                                                      sshd:FB485FEB-14B3-F40D-9DF3-8574E7B46CDA EXECUTE   sshd               2019-05-14T20:47:12.000000000  2019-05-14T20:47:12.000000000      1
                                                      sshd:ECD38A19-C524-321A-B3F5-5B9049A12B6D EXECUTE   sh                 2019-05-14T20:47:12.000000000  2019-05-14T20:47:12.000000000      1
                                                      sshd:C467D3CD-1658-66E1-E27A-B7B77F781CC0 FORK      sshd               2019-05-14T20:47:12.000000000  2019-05-14T20:47:12.000000000      1
                                                      sshd:1DDB9889-0D2F-F081-444A-2BB79B8F2E0F EXECUTE   sshd               2019-05-14T20:47:20.000000000  2019-05-14T20:47:20.000000000      1
                                                      sshd:19EAD66E-99F0-05A2-30D3-82C8CB736C71 FORK      sshd               2019-05-14T20:47:21.000000000  2019-05-14T20:47:21.000000000      1
                                                      sshd:0A40BE2E-A8F4-D36F-CCB5-B33775F8A868 EXECUTE   sh                 2019-05-14T20:47:21.000000000  2019-05-14T20:47:21.000000000      1
                                                      sshd:1578CB58-EBD0-2E3C-5822-5313FEC92426 EXECUTE   sshd               2019-05-14T20:47:25.000000000  2019-05-14T20:47:25.000000000      1
                                                      sshd:8D4A02D9-4AA8-6DA3-7540-BC94F750A452 FORK      sshd               2019-05-14T20:47:26.000000000  2019-05-14T20:47:26.000000000      1
                                                      sshd:2A6AF174-832B-157E-728E-790B770C50BF EXECUTE   sh                 2019-05-14T20:47:26.000000000  2019-05-14T20:47:26.000000000      1
                                                      sshd:EF1E17B4-6F4E-1DC9-0742-EDD31F35ED31 EXECUTE   sshd               2019-05-14T20:47:34.000000000  2019-05-14T20:47:34.000000000      1
                                                      sshd:3785629E-DF9A-E511-69B3-B15E85ABAE72 FORK      sshd               2019-05-14T20:47:35.000000000  2019-05-14T20:47:35.000000000      1
                                                      sshd:3FB60621-9577-EABB-558B-C4A4240B08A7 EXECUTE   sh                 2019-05-14T20:47:35.000000000  2019-05-14T20:47:35.000000000      1
                                                      sshd:B83CB9A9-7EB6-A312-2001-353F0D93B49F EXECUTE   sh                 2019-05-14T20:47:36.000000000  2019-05-14T20:47:36.000000000      1
                                                      sshd:8849EB5D-682D-1E10-DABB-B854C0F2F6D5 FORK      sshd               2019-05-14T20:47:36.000000000  2019-05-14T20:47:36.000000000      1
                                                      sshd:29FB6D0E-2813-AFE4-F571-BD190BBD22F0 EXECUTE   sshd               2019-05-14T20:47:36.000000000  2019-05-14T20:47:36.000000000      1
                                                      sshd:C8511029-3E95-0EBD-E6E9-16CFA7539258 EXECUTE   sshd               2019-05-14T20:47:38.000000000  2019-05-14T20:47:38.000000000      1
                                                      sshd:DDFA576B-F0FC-3F58-0B68-CDFBB0BC6990 EXECUTE   sh                 2019-05-14T20:47:38.000000000  2019-05-14T20:47:38.000000000      1
                                                      sshd:CA7F0211-0093-4D2B-DCBC-4FC84EDF5B8A FORK      sshd               2019-05-14T20:47:38.000000000  2019-05-14T20:47:38.000000000      1
                                                      sshd:04465EF5-7D0E-CE09-C550-3CB7CACA4E44 EXECUTE   sh                 2019-05-14T20:47:46.000000000  2019-05-14T20:47:46.000000000      1
                                                      sshd:42FB4D71-C64C-B32A-CE03-48C11DA038AD FORK      sshd               2019-05-14T20:47:46.000000000  2019-05-14T20:47:46.000000000      1
                                                      sshd:F453DA2B-2949-9065-1405-10681E01B3F4 EXECUTE   sshd               2019-05-14T20:47:46.000000000  2019-05-14T20:47:46.000000000      1
                                                      sshd:18AE6656-E871-0F58-EAEB-C6781ECE4386 EXECUTE   sshd               2019-05-14T20:47:58.000000000  2019-05-14T20:47:58.000000000      1
                                                      sshd:37D07754-1645-8C26-3FD3-62A617AF7FDF EXECUTE   sh                 2019-05-14T20:47:58.000000000  2019-05-14T20:47:58.000000000      1
                                                      sshd:0E55F95B-4ACD-D244-EF8C-E632E9A9C944 FORK      sshd               2019-05-14T20:47:58.000000000  2019-05-14T20:47:58.000000000      1
                                                      sshd:2DF21D4A-C2FC-5C7A-6D68-4E641F292B0E EXECUTE   sh                 2019-05-14T20:48:05.000000000  2019-05-14T20:48:05.000000000      1
                                                      sshd:4A10CB57-6BF7-7036-972A-C4140F7B28DD EXECUTE   sshd               2019-05-14T20:48:05.000000000  2019-05-14T20:48:05.000000000      1
                                                      sshd:F29B4E88-6AAF-057C-BB21-0DE93C1340A1 FORK      sshd               2019-05-14T20:48:05.000000000  2019-05-14T20:48:05.000000000      1
                                                      sshd:0B73FDA8-F63C-DFCD-8FE5-67470D8CA788 EXECUTE   sshd               2019-05-14T20:48:11.000000000  2019-05-14T20:48:11.000000000      1
                                                      sshd:BABEAE86-C624-D532-CCD9-7608893D847A FORK      sshd               2019-05-14T20:48:11.000000000  2019-05-14T20:48:12.000000000      2
                                                      sshd:F81599FF-0B79-7D32-3888-7FCCEC4B322F EXECUTE   sh                 2019-05-14T20:48:11.000000000  2019-05-14T20:48:11.000000000      1
                                                      sshd:71569A69-E444-00A7-A857-5BDA60340432 EXECUTE   sshd               2019-05-14T20:50:32.000000000  2019-05-14T20:50:32.000000000      1
                                                      sshd:5B6868E5-EEB4-43DB-5312-989A0B1B73F1 EXECUTE   sh                 2019-05-14T20:50:32.000000000  2019-05-14T20:50:32.000000000      1
                                                      sshd:E8AE2BFE-640C-D976-A34D-1BC21194BB0D FORK      sshd               2019-05-14T20:50:32.000000000  2019-05-14T20:50:32.000000000      1
                                                      sshd:11D595AD-62E4-C2DD-E0C4-7116C73EB425 FORK      sshd               2019-05-14T20:50:43.000000000  2019-05-14T20:50:43.000000000      1
                                                      sshd:955CAA3A-A71A-A510-6D40-E53587136B70 EXECUTE   sh                 2019-05-14T20:50:43.000000000  2019-05-14T20:50:43.000000000      1
                                                      sshd:27F49495-A549-F10D-5463-8ED5BE280711 EXECUTE   sshd               2019-05-14T20:50:43.000000000  2019-05-14T20:50:43.000000000      1
                                                      sshd:C366C21F-0564-3924-B884-458DE27DCA0F EXECUTE   sh                 2019-05-14T20:52:42.000000000  2019-05-14T20:52:42.000000000      1
                                                      sshd:7F143A8C-6458-484F-FFD6-009851C764EC EXECUTE   sshd               2019-05-14T20:52:42.000000000  2019-05-14T20:52:42.000000000      1
                                                      sshd:67F5E7DC-0C68-97B8-96CD-D758B6F98B0B FORK      sshd               2019-05-14T20:52:42.000000000  2019-05-14T20:52:43.000000000      2
                                                      sshd:1792A83B-95E1-485F-E749-60D44E39D2CC EXECUTE   sshd               2019-05-14T20:53:28.000000000  2019-05-14T20:53:28.000000000      1
                                                      sshd:456D0551-6B71-2B1C-2F71-8DD0868967FE EXECUTE   sh                 2019-05-14T20:53:29.000000000  2019-05-14T20:53:29.000000000      1
                                                      sshd:80612D18-18BE-03A8-DAFE-B9E2B1069B02 FORK      sshd               2019-05-14T20:53:29.000000000  2019-05-14T20:53:29.000000000      1
                                                      sshd:91C9AF65-DBC1-73CF-42BD-B4DF4279E01C FORK      sshd               2019-05-14T20:54:20.000000000  2019-05-14T20:54:20.000000000      1
                                                      sshd:8D8C1E3A-3953-7EFD-F009-482F894485F8 EXECUTE   sh                 2019-05-14T20:54:20.000000000  2019-05-14T20:54:20.000000000      1
                                                      sshd:71F26C28-6EC0-71BE-D5F4-E3CD82EE82EA EXECUTE   sshd               2019-05-14T20:54:20.000000000  2019-05-14T20:54:20.000000000      1
                                                      sshd:0A7C4763-4DEB-0E5C-94C9-9D527E95C54A EXECUTE   sh                 2019-05-14T20:55:29.000000000  2019-05-14T20:55:29.000000000      1
                                                      sshd:70E1690D-A575-C958-D3C1-D72CD0A43082 EXECUTE   sshd               2019-05-14T20:55:29.000000000  2019-05-14T20:55:29.000000000      1
                                                      sshd:739FEF77-6D7D-6E05-35FD-3DED72792F9E FORK      sshd               2019-05-14T20:55:29.000000000  2019-05-14T20:55:29.000000000      1
                                                      sshd:CA6C2CDD-A4C3-6E94-06BF-24524A1EAABB EXECUTE   sshd               2019-05-14T20:57:14.000000000  2019-05-14T20:57:14.000000000      1
                                                      sshd:165517A7-41A6-1E74-D9E0-5DE574498BC5 EXECUTE   sh                 2019-05-14T20:57:15.000000000  2019-05-14T20:57:15.000000000      1
                                                      sshd:82BECC51-AE59-40DA-5C90-52A7DFF58A8E FORK      sshd               2019-05-14T20:57:15.000000000  2019-05-14T20:57:15.000000000      1
                                                      sshd:679B6E06-74A4-1EC6-2D7B-050396B47937 EXECUTE   sshd               2019-05-14T20:59:06.000000000  2019-05-14T20:59:06.000000000      1
                                                      sshd:FE4F0FE9-2981-8265-6763-2C77B8F032D4 EXECUTE   sh                 2019-05-14T20:59:06.000000000  2019-05-14T20:59:06.000000000      1
                                                      sshd:1631223E-B6D3-6A47-4F39-76241A5184A5 FORK      sshd               2019-05-14T20:59:06.000000000  2019-05-14T20:59:06.000000000      1
                                                      sshd:C07EB033-6FDC-7F1E-6634-2098FC9CD522 EXECUTE   sshd               2019-05-14T20:59:22.000000000  2019-05-14T20:59:22.000000000      1
                                                      sshd:165A3168-4CAE-EECE-A434-2F055586A1FE EXECUTE   sh                 2019-05-14T20:59:22.000000000  2019-05-14T20:59:22.000000000      1
                                                      sshd:2CFDFF94-37D9-95EB-9DDB-FC187FA6C689 FORK      sshd               2019-05-14T20:59:22.000000000  2019-05-14T20:59:22.000000000      1
                                                      sshd:C64A355D-A625-405C-1E10-E139440C96E8 EXECUTE   sshd               2019-05-14T21:02:39.000000000  2019-05-14T21:02:39.000000000      1
                                                      sshd:8E534890-B2DD-A6D4-390E-959665A2FCC6 FORK      sshd               2019-05-14T21:02:40.000000000  2019-05-14T21:02:40.000000000      1
                                                      sshd:9CB7DFC8-D38D-097D-1976-B46C0C0580B5 EXECUTE   sh                 2019-05-14T21:02:40.000000000  2019-05-14T21:02:40.000000000      1
                                                      sshd:F6498542-1778-22D4-5155-F525A214E171 EXECUTE   sshd               2019-05-14T21:07:05.000000000  2019-05-14T21:07:05.000000000      1
                                                      sshd:091AE020-EA01-E1EE-D3AA-E5E43671D65B EXECUTE   sh                 2019-05-14T21:07:05.000000000  2019-05-14T21:07:05.000000000      1
                                                      sshd:DAC98A05-D6EB-D443-7A3C-88E41F4B10FF FORK      sshd               2019-05-14T21:07:05.000000000  2019-05-14T21:07:06.000000000      2
                                                      sshd:AAA963DA-13A4-0857-402E-EA5637EE0859 EXECUTE   sshd               2019-05-14T21:07:40.000000000  2019-05-14T21:07:40.000000000      1
                                                      sshd:16D8313B-E915-9B75-FE83-656B20CA2255 EXECUTE   sh                 2019-05-14T21:07:40.000000000  2019-05-14T21:07:40.000000000      1
                                                      sshd:6B012BCB-AC6A-F2B0-9935-CF5F0848E335 FORK      sshd               2019-05-14T21:07:40.000000000  2019-05-14T21:07:41.000000000      2
                                                      sshd:44E8245B-760F-975F-69FB-95EC7C10B526 EXECUTE   sshd               2019-05-14T21:13:31.000000000  2019-05-14T21:13:31.000000000      1
                                                      sshd:A34AE99E-9ABF-7F1C-F886-820C34DCD1E5 EXECUTE   sh                 2019-05-14T21:13:32.000000000  2019-05-14T21:13:32.000000000      1
                                                      sshd:0A66C45D-8B7E-0A07-176C-30797DA1D2CF FORK      sshd               2019-05-14T21:13:32.000000000  2019-05-14T21:13:32.000000000      1
                                                      sshd:87FA0416-5779-3692-C918-06B8A21F720D EXECUTE   sshd               2019-05-14T21:16:33.000000000  2019-05-14T21:16:33.000000000      1
                                                      sshd:28D4BFE4-FD07-4196-BA3C-E95699E6AA53 FORK      sshd               2019-05-14T21:16:34.000000000  2019-05-14T21:16:34.000000000      1
                                                      sshd:04C64EC9-76EB-115B-631B-DF88F5CF4205 EXECUTE   sh                 2019-05-14T21:16:34.000000000  2019-05-14T21:16:34.000000000      1
                                                      sshd:2B349C0A-9A29-6E50-3EB3-0CB3D1372DE5 EXECUTE   sshd               2019-05-14T21:19:58.000000000  2019-05-14T21:19:58.000000000      1
                                                      sshd:D37E0666-DAF1-7971-C0D6-DB6D47D921DD EXECUTE   sshd               2019-05-14T21:20:28.000000000  2019-05-14T21:20:28.000000000      1
                                                      sshd:62779E01-D3C8-A619-FC5A-EC197BAF26CE EXECUTE   sshd               2019-05-14T21:24:15.000000000  2019-05-14T21:24:15.000000000      1
                                                      sshd:DEA35E43-AF05-6C82-6EDF-1F9A5F177070 EXECUTE   sshd               2019-05-14T21:28:16.000000000  2019-05-14T21:28:16.000000000      1
                                                      sshd:224D4AF4-1F36-8353-3806-719B1666DA5F FORK      sshd               2019-05-14T21:28:17.000000000  2019-05-14T21:28:17.000000000      1
                                                      sshd:A4FAE1B7-E02D-110E-ED63-29F9F33AF8B7 EXECUTE   sshd               2019-05-14T21:29:35.000000000  2019-05-14T21:29:35.000000000      1
                                                      sshd:77C24D5D-14E6-62AE-7AA4-65572D104355 EXECUTE   sshd               2019-05-14T21:29:52.000000000  2019-05-14T21:29:52.000000000      1
                                                      sshd:5C85BB6D-D3E4-9DB7-2D21-C54036DF62FB EXECUTE   sshd               2019-05-14T21:31:36.000000000  2019-05-14T21:31:36.000000000      1
                                                      sshd:5079E280-4A9E-48EC-BA70-C075F0B60261 EXECUTE   sshd               2019-05-14T21:31:37.000000000  2019-05-14T21:31:37.000000000      1
                                                      sshd:6BF7C3CE-9ED0-3142-43DD-ECC2C8034B9D EXECUTE   sshd               2019-05-14T21:32:24.000000000  2019-05-14T21:32:24.000000000      1
                                                      sshd:53D29119-D546-95F7-EA69-9F2A2924D869 FORK      sshd               2019-05-14T21:32:24.000000000  2019-05-14T21:32:24.000000000      1
                                                      sshd:A9060E79-4478-DEA7-CE6A-DA23BB887AE4 EXECUTE   sshd               2019-05-14T21:33:27.000000000  2019-05-14T21:33:27.000000000      1
                                                      sshd:1378833E-143D-26BC-120F-5FDBB869B397 EXECUTE   sshd               2019-05-14T21:35:19.000000000  2019-05-14T21:35:19.000000000      1
                                                      sshd:37AF2948-D741-5B2B-0C97-6CCEB1DEFC60 EXECUTE   sshd               2019-05-14T21:37:23.000000000  2019-05-14T21:37:23.000000000      1
                                                      sshd:FE79EAA7-8F1D-C260-2BA5-ACD548E6E686 EXECUTE   sshd               2019-05-14T21:40:45.000000000  2019-05-14T21:40:45.000000000      1
                                                      sshd:8F1CD61B-AAAA-CA8B-CCC8-BA9AE8AED4A4 EXECUTE   sshd               2019-05-14T21:41:29.000000000  2019-05-14T21:41:29.000000000      1
                                                      sshd:E4298CF9-0736-6301-DC34-EB10556D2373 EXECUTE   sshd               2019-05-14T21:41:56.000000000  2019-05-14T21:41:56.000000000      1
                                                      sshd:CCCE400B-64CD-CFD7-A272-42F52E497AC4 EXECUTE   sshd               2019-05-14T21:42:18.000000000  2019-05-14T21:42:18.000000000      1
                                                      sshd:5977CE61-F1A4-5AEE-A5F7-2A776D3BDE50 EXECUTE   sshd               2019-05-14T21:42:56.000000000  2019-05-14T21:42:56.000000000      1
                                                      sshd:52614C57-6094-F200-11FF-38DE2962F69D FORK      sshd               2019-05-14T21:42:57.000000000  2019-05-14T21:42:57.000000000      1
                                                      sshd:BF40AA40-D4DF-9776-C01E-F3919F39D85B EXECUTE   sshd               2019-05-14T21:45:46.000000000  2019-05-14T21:45:46.000000000      1
                                                      sshd:83EEBD3D-6FC0-7154-9903-1F9101822EF1 EXECUTE   sshd               2019-05-14T21:52:22.000000000  2019-05-14T21:52:22.000000000      1
                                                      sshd:4DB7F299-523B-367D-3C8C-9CCD4B8868F4 EXECUTE   sshd               2019-05-14T21:55:25.000000000  2019-05-14T21:55:25.000000000      1
                                                      sshd:0BE127E6-3D2B-9085-603A-8C1D29670F68 EXECUTE   sshd               2019-05-14T21:56:22.000000000  2019-05-14T21:56:22.000000000      1
                                                      sshd:7D34C2E7-B677-0F38-06AC-FE91432F8072 EXECUTE   sshd               2019-05-14T21:57:51.000000000  2019-05-14T21:57:51.000000000      1
                                                      sshd:75010EB1-0A0B-5E9F-1860-8FB8DA2ADDF0 FORK      sshd               2019-05-14T22:02:30.000000000  2019-05-14T22:02:30.000000000      1
                                                      sshd:9C781097-DBA0-D21D-C64F-C0CC53917BD6 EXECUTE   sshd               2019-05-14T22:02:30.000000000  2019-05-14T22:02:30.000000000      1
                                                      sshd:18856013-BFEE-6E53-A822-3349CC1840EF EXECUTE   sshd               2019-05-14T22:03:13.000000000  2019-05-14T22:03:13.000000000      1
                                                      sshd:14810BDD-56F2-C78F-9EA1-A17099976E1B EXECUTE   sshd               2019-05-14T22:03:33.000000000  2019-05-14T22:03:33.000000000      1
                                                      sshd:8BAEDBDF-2144-47E6-D6EB-7DDA090034A0 EXECUTE   sshd               2019-05-14T22:06:01.000000000  2019-05-14T22:06:01.000000000      1
                                                      sshd:CA25D27E-D368-9ACC-67D8-91785AA4ADE1 FORK      sshd               2019-05-14T22:06:01.000000000  2019-05-14T22:06:01.000000000      1
                                                      sshd:497DB60F-9023-C8FF-1A17-25D4B3B9A194 EXECUTE   sshd               2019-05-14T22:06:39.000000000  2019-05-14T22:06:39.000000000      1
                                                      sshd:746CC382-ABAE-01F8-C7D0-BFA5C91D645F EXECUTE   sshd               2019-05-14T22:10:58.000000000  2019-05-14T22:10:58.000000000      1
                                                      sshd:29E64E13-C91D-833B-D292-4C94B9EE5D55 EXECUTE   sshd               2019-05-14T22:15:19.000000000  2019-05-14T22:15:19.000000000      1
                                                      sshd:E89AE5B3-F940-6D8C-2D20-B0D76B89590A FORK      sshd               2019-05-14T22:18:46.000000000  2019-05-14T22:18:46.000000000      1
                                                      sshd:486D381F-408D-EC64-3C5F-61E6FDBBBA43 EXECUTE   sshd               2019-05-14T22:18:46.000000000  2019-05-14T22:18:46.000000000      1
                                                      sshd:BB881B21-6E45-E6F3-5EC8-2EEB15FF0D64 EXECUTE   sshd               2019-05-14T22:18:49.000000000  2019-05-14T22:18:49.000000000      1
                                                      sshd:4C9F76DA-98EB-6D9D-62CB-BA8422BE9538 EXECUTE   sshd               2019-05-14T22:18:52.000000000  2019-05-14T22:18:52.000000000      1
                                                      sshd:2464D95E-0B95-6717-0543-DE203481EC47 EXECUTE   sshd               2019-05-14T22:19:36.000000000  2019-05-14T22:19:36.000000000      1
                                                      sshd:5707F2E5-C3B7-B193-3FEC-B3F5AFF336BB FORK      sshd               2019-05-14T22:19:37.000000000  2019-05-14T22:19:37.000000000      1
                                                      sshd:54CE0130-52A2-6CD2-07BB-5D9E33855A1E EXECUTE   sshd               2019-05-14T22:21:12.000000000  2019-05-14T22:21:12.000000000      1
                                                      sshd:3667E146-4734-86E4-C2EC-6D8F64E1E87E EXECUTE   sshd               2019-05-14T22:21:29.000000000  2019-05-14T22:21:29.000000000      1
                                                      sshd:72D1A68E-2BA3-FB9E-7EB0-6A663E429F02 EXECUTE   sshd               2019-05-14T22:22:20.000000000  2019-05-14T22:22:20.000000000      1
                                                      sshd:8B6F6F8D-44C2-8502-C837-ACE861E34ECC EXECUTE   sshd               2019-05-14T22:22:46.000000000  2019-05-14T22:22:46.000000000      1
                                                      sshd:DA582E07-2850-719E-BF5A-693F6A2C3788 EXECUTE   sshd               2019-05-14T22:23:51.000000000  2019-05-14T22:23:51.000000000      1
                                                      sshd:20ED1BDC-439C-621F-E267-F0169D528B64 EXECUTE   sshd               2019-05-14T22:25:03.000000000  2019-05-14T22:25:03.000000000      1
                                                      sshd:2FF97205-637E-FEE6-DA7E-0290F2EE0483 EXECUTE   sshd               2019-05-14T22:27:10.000000000  2019-05-14T22:27:10.000000000      1
                                                      sshd:D2444BD7-5740-7437-7C25-FD85F8DA5117 EXECUTE   sshd               2019-05-14T22:29:23.000000000  2019-05-14T22:29:23.000000000      1
                                                      sshd:A831D9AC-997E-9F6D-474D-3C7F9F03C438 EXECUTE   sshd               2019-05-14T22:29:58.000000000  2019-05-14T22:29:58.000000000      1
                                                      sshd:55AEB4BE-8195-4032-A518-97BC1D6196D7 FORK      sshd               2019-05-14T22:29:58.000000000  2019-05-14T22:29:58.000000000      1
                                                      sshd:B241891F-78C1-DFBB-8E71-C388220B7A04 EXECUTE   sh                 2019-05-14T22:32:03.000000000  2019-05-14T22:32:03.000000000      1
                                                      sshd:B91647CD-DD30-B59F-2F33-A5FAFF44A5EF EXECUTE   sshd               2019-05-14T22:32:03.000000000  2019-05-14T22:32:03.000000000      1
                                                      sshd:55499AA4-7127-4E17-B43C-B083BA41135F FORK      sshd               2019-05-14T22:32:03.000000000  2019-05-14T22:32:03.000000000      1
                                                      sshd:203214BE-B3B8-88D7-1FA0-58B8545E06F6 EXECUTE   sshd               2019-05-14T22:32:44.000000000  2019-05-14T22:32:44.000000000      1
                                                      sshd:008068B5-6409-1059-E426-066E6F437E55 FORK      sshd               2019-05-14T22:32:44.000000000  2019-05-14T22:32:44.000000000      1
                                                      sshd:5F2C0551-2D3E-31E7-94D4-4EC6FBFDC318 EXECUTE   sh                 2019-05-14T22:32:44.000000000  2019-05-14T22:32:44.000000000      1
                                                      sshd:55924CC0-07F8-DFAB-E788-358594BBB049 EXECUTE   sh                 2019-05-14T22:35:58.000000000  2019-05-14T22:35:58.000000000      1
                                                      sshd:A5050FF0-0AF7-0DFC-FE1E-EB0C5911DC10 FORK      sshd               2019-05-14T22:35:58.000000000  2019-05-14T22:35:58.000000000      1
                                                      sshd:42096FD7-AB9D-3127-E017-EF311E67C9A8 EXECUTE   sshd               2019-05-14T22:35:58.000000000  2019-05-14T22:35:58.000000000      1
                                                      sshd:7470B2F5-17AE-F718-2E89-38F7551926B5 EXECUTE   sshd               2019-05-14T22:38:45.000000000  2019-05-14T22:38:45.000000000      1
                                                      sshd:0A3407EC-EA18-2496-A0B0-B59A1303065B EXECUTE   sh                 2019-05-14T22:38:45.000000000  2019-05-14T22:38:45.000000000      1
                                                      sshd:78DC5DD9-4F1A-4B8A-6139-9957469D031D FORK      sshd               2019-05-14T22:38:45.000000000  2019-05-14T22:38:45.000000000      1
                                                      sshd:40DC145A-71B8-11EB-B8F1-12BB14CC41BF FORK      sshd               2019-05-14T22:41:19.000000000  2019-05-14T22:41:20.000000000      2
                                                      sshd:A1E56634-6035-64A9-2732-FA8A29CA5408 EXECUTE   sh                 2019-05-14T22:41:19.000000000  2019-05-14T22:41:19.000000000      1
                                                      sshd:5938B787-8964-8F62-6744-713B11117B13 EXECUTE   sshd               2019-05-14T22:41:19.000000000  2019-05-14T22:41:19.000000000      1
                                                      sshd:4EED0350-9631-89A3-464A-34A0BECD7D99 EXECUTE   sshd               2019-05-14T22:46:10.000000000  2019-05-14T22:46:10.000000000      1
                                                      sshd:84313FCF-FEE5-901F-9196-533A4070F965 FORK      sshd               2019-05-14T22:46:11.000000000  2019-05-14T22:46:11.000000000      1
                                                      sshd:E0CA18D9-1395-6A74-F8F4-F104C5FD05CD EXECUTE   sh                 2019-05-14T22:46:11.000000000  2019-05-14T22:46:11.000000000      1
                                                      sshd:7C089941-7FDC-BC0F-1F26-27831BDEC8EF FORK      sshd               2019-05-14T22:46:37.000000000  2019-05-14T22:46:37.000000000      1
                                                      sshd:04E4763D-CFE1-E596-0AE6-4AE769C7FD59 EXECUTE   sh                 2019-05-14T22:46:37.000000000  2019-05-14T22:46:37.000000000      1
                                                      sshd:5618DCE8-4DDF-DBD9-09F2-5D97757F271E EXECUTE   sshd               2019-05-14T22:46:37.000000000  2019-05-14T22:46:37.000000000      1
                                                      sshd:94A7AB2E-7434-59FA-F6F3-58AAFDEBC6AC EXECUTE   sshd               2019-05-14T22:49:30.000000000  2019-05-14T22:49:30.000000000      1
                                                      sshd:1DE8476C-FE31-39F2-5CDE-52F43746392F EXECUTE   sh                 2019-05-14T22:49:31.000000000  2019-05-14T22:49:31.000000000      1
                                                      sshd:21245D3A-368D-F4CA-B534-E48DD70111C3 FORK      sshd               2019-05-14T22:49:31.000000000  2019-05-14T22:49:31.000000000      1
                                                      sshd:BC9C8018-77FF-D7EF-0787-4277F1E5156D EXECUTE   sshd               2019-05-14T22:53:08.000000000  2019-05-14T22:53:08.000000000      1
                                                      sshd:F3223FF8-E90C-C208-15E7-5C8995FDB5E9 EXECUTE   sh                 2019-05-14T22:53:09.000000000  2019-05-14T22:53:09.000000000      1
                                                      sshd:25769C7D-069E-468C-F2A4-0B620CFE500C FORK      sshd               2019-05-14T22:53:09.000000000  2019-05-14T22:53:09.000000000      1
                                                      sshd:9B74582E-29B9-D5BE-5700-7926BCBF7E3C EXECUTE   sshd               2019-05-14T22:54:58.000000000  2019-05-14T22:54:58.000000000      1
                                                      sshd:A0EB5ED8-7BC9-3D92-949E-243268DD1F4C FORK      sshd               2019-05-14T22:54:59.000000000  2019-05-14T22:54:59.000000000      1
                                                      sshd:B2C209E8-A03D-E6E4-19D7-F3CD2B7B57E5 EXECUTE   sshd               2019-05-14T22:57:12.000000000  2019-05-14T22:57:12.000000000      1
                                                      sshd:5C25CCC4-53C4-09DE-A6A9-E07F28879398 EXECUTE   sshd               2019-05-14T22:59:14.000000000  2019-05-14T22:59:14.000000000      1
                                                      sshd:EF3241FE-3474-AC81-A6A6-F8448858C15A EXECUTE   sshd               2019-05-14T23:01:03.000000000  2019-05-14T23:01:03.000000000      1
                                                      sshd:25606909-48D1-7367-06E0-A2381D80152E EXECUTE   sshd               2019-05-14T23:01:20.000000000  2019-05-14T23:01:20.000000000      1
                                                      sshd:068FE27E-7A17-7E17-5957-B8608493C876 EXECUTE   sshd               2019-05-14T23:04:08.000000000  2019-05-14T23:04:08.000000000      1
                                                      sshd:D738261C-6C11-EBFE-28DE-832BC433DD81 FORK      sshd               2019-05-14T23:04:09.000000000  2019-05-14T23:04:09.000000000      1
                                                      sshd:80673623-C3AD-ABCD-ED9F-62372E87B49D EXECUTE   sshd               2019-05-14T23:04:41.000000000  2019-05-14T23:04:41.000000000      1
                                                      sshd:55B33856-B840-BAF5-28A6-19E4DBB8511B FORK      sshd               2019-05-14T23:04:41.000000000  2019-05-14T23:04:41.000000000      1
                                                      sshd:1297E356-5EA7-40B2-DA49-912BF911D3D2 EXECUTE   sshd               2019-05-14T23:06:35.000000000  2019-05-14T23:06:35.000000000      1
                                                      sshd:2BCBD710-EB2A-120C-89F9-F9C5EFE5C018 EXECUTE   sshd               2019-05-14T23:07:17.000000000  2019-05-14T23:07:17.000000000      1
                                                      sshd:5EAF9C0B-8DB4-5439-D817-7835E360FA35 EXECUTE   sshd               2019-05-14T23:10:47.000000000  2019-05-14T23:10:47.000000000      1
                                                      sshd:D3DB8FA1-41B1-379C-14EC-BEBD1A84C8C8 EXECUTE   sshd               2019-05-14T23:11:22.000000000  2019-05-14T23:11:22.000000000      1
                                                      sshd:F610D27F-6876-0A1F-F4CD-2CF2B9978D3E FORK      sshd               2019-05-14T23:11:33.000000000  2019-05-14T23:11:33.000000000      1
                                                      sshd:605271D4-8EC4-2661-FD0C-BB74AE8F509A EXECUTE   sshd               2019-05-14T23:11:33.000000000  2019-05-14T23:11:33.000000000      1
                                                      sshd:891FEF0D-AB68-CD49-B4C2-95AFD5D162C7 EXECUTE   sshd               2019-05-14T23:14:51.000000000  2019-05-14T23:14:51.000000000      1
                                                      sshd:6C23A2CA-7E21-DF0A-FBF0-A1B7DBB0E54E EXECUTE   sshd               2019-05-14T23:16:52.000000000  2019-05-14T23:16:52.000000000      1
                                                      sshd:EC01FF3C-AF6C-BF01-2535-65A1338E27D1 FORK      sshd               2019-05-14T23:16:52.000000000  2019-05-14T23:16:52.000000000      1
                                                      sshd:EB6190A8-FB38-EE82-9F38-C50BEB3DA407 EXECUTE   sshd               2019-05-14T23:17:29.000000000  2019-05-14T23:17:29.000000000      1
                                                      sshd:342A1069-5142-E9E8-51FF-F92B2A37BA85 EXECUTE   sshd               2019-05-14T23:18:49.000000000  2019-05-14T23:18:49.000000000      1
                                                      sshd:A125DB61-59E3-3DED-60E5-9A7F6C86B440 FORK      sshd               2019-05-14T23:18:49.000000000  2019-05-14T23:18:49.000000000      1
                                                      sshd:A0D4E44D-1203-ED97-F262-E17A5CC54BE3 EXECUTE   sshd               2019-05-14T23:22:16.000000000  2019-05-14T23:22:16.000000000      1
                                                      sshd:2E9D2C9B-9C5D-AB97-3111-618F0BE5D2D8 FORK      sshd               2019-05-14T23:22:24.000000000  2019-05-14T23:22:24.000000000      1
                                                      sshd:0EDBBD1E-62E4-04AE-C5BB-45B5E784C004 EXECUTE   sshd               2019-05-14T23:22:24.000000000  2019-05-14T23:22:24.000000000      1
                                                      sshd:3F016850-3174-DE62-4B3B-B565AC905762 EXECUTE   sshd               2019-05-14T23:24:10.000000000  2019-05-14T23:24:10.000000000      1
                                                      sshd:83B23510-6476-A3C7-2668-C75128CF9A08 FORK      sshd               2019-05-14T23:27:18.000000000  2019-05-14T23:27:18.000000000      1
                                                      sshd:96E2A0DD-5BDC-DD61-EEF7-387421BB20A3 EXECUTE   sshd               2019-05-14T23:27:18.000000000  2019-05-14T23:27:18.000000000      1
                                                      sshd:0B9F5E92-DECB-9D64-9653-36F439CAF221 EXECUTE   sshd               2019-05-14T23:30:32.000000000  2019-05-14T23:30:32.000000000      1
                                                      sshd:FC401D19-DA49-4789-26BA-480440F141CF EXECUTE   sshd               2019-05-14T23:31:33.000000000  2019-05-14T23:31:33.000000000      1
                                                      sshd:1B9271B2-2980-A7A6-4AB2-35D7E2076D69 EXECUTE   sshd               2019-05-14T23:33:56.000000000  2019-05-14T23:33:56.000000000      1
                                                      sshd:2C1046CD-AAD8-B79F-D1A6-1FD7C97BA240 EXECUTE   sshd               2019-05-14T23:34:09.000000000  2019-05-14T23:34:09.000000000      1
                                                      sshd:C15D0EE6-5757-0BA4-08DB-1178B8510532 EXECUTE   sshd               2019-05-14T23:38:46.000000000  2019-05-14T23:38:46.000000000      1
                                                      sshd:058C1898-132E-2A9E-BC34-591827B97E02 FORK      sshd               2019-05-14T23:38:46.000000000  2019-05-14T23:38:46.000000000      1
                                                      sshd:D37DC6B5-7BB3-6E2C-3A36-1D5C6844A07D EXECUTE   sshd               2019-05-14T23:40:14.000000000  2019-05-14T23:40:14.000000000      1
                                                      sshd:82C338E8-8776-0A47-1E7C-282453441875 FORK      sshd               2019-05-14T23:40:15.000000000  2019-05-14T23:40:15.000000000      1
                                                      sshd:4B7B49FA-AF22-D452-7201-134869345733 EXECUTE   sshd               2019-05-14T23:44:10.000000000  2019-05-14T23:44:10.000000000      1
                                                      sshd:96670B6F-B799-05DD-FA0A-6B2ADA37DEBC EXECUTE   sshd               2019-05-14T23:44:42.000000000  2019-05-14T23:44:42.000000000      1
                                                      sshd:5A14AA43-E4AE-9B26-C569-A5DF3E097F81 EXECUTE   sshd               2019-05-14T23:46:55.000000000  2019-05-14T23:46:55.000000000      1
                                                      sshd:815BC849-7FC4-D17B-468A-B081A2FC6DD4 EXECUTE   sshd               2019-05-14T23:48:29.000000000  2019-05-14T23:48:29.000000000      1
                                                      sshd:EDE23F1A-E5F8-CE44-A7FB-E85AB7E1413F FORK      sshd               2019-05-14T23:48:29.000000000  2019-05-14T23:48:29.000000000      1
                                                      sshd:2CB0FD87-CC47-04E9-4412-05AFD3D40D65 EXECUTE   sshd               2019-05-14T23:48:59.000000000  2019-05-14T23:48:59.000000000      1
                                                      sshd:CDDE73FB-3354-2E69-D47B-C8EC549459F2 FORK      sshd               2019-05-14T23:49:00.000000000  2019-05-14T23:49:00.000000000      1
                                                      sshd:4EB28274-F58D-7EF6-F7A4-CA5839FBDAA9 EXECUTE   sshd               2019-05-14T23:51:27.000000000  2019-05-14T23:51:27.000000000      1
                                                      sshd:1C8DADAC-92DD-A067-15CF-03B95095B255 EXECUTE   sshd               2019-05-14T23:51:28.000000000  2019-05-14T23:51:28.000000000      1
                                                      sshd:5898FF49-5A90-05E8-5602-B9D4A5F1EE74 FORK      sshd               2019-05-14T23:51:28.000000000  2019-05-14T23:51:28.000000000      1
                                                      sshd:3851C57D-E092-F9F9-817B-E10C86E9195A EXECUTE   sshd               2019-05-14T23:54:14.000000000  2019-05-14T23:54:14.000000000      1
                                                      sshd:8D6E9856-99C1-C6FF-7399-0B815958BCE5 EXECUTE   sshd               2019-05-14T23:54:35.000000000  2019-05-14T23:54:35.000000000      1
                                                      sshd:CA477A2B-D5C2-EFCF-3B24-A17052A8828B FORK      sshd               2019-05-14T23:54:36.000000000  2019-05-14T23:54:36.000000000      1
                                                      sshd:1C728201-2E17-318B-3617-AF6975C4F3BD EXECUTE   sshd               2019-05-14T23:55:05.000000000  2019-05-14T23:55:05.000000000      1
                                                      sshd:52893195-1105-2834-7287-D348129742D0 EXECUTE   sshd               2019-05-14T23:56:11.000000000  2019-05-14T23:56:11.000000000      1
                                                      sshd:319A7CC4-DA05-53D2-E63E-01DFAA272FD0 FORK      sshd               2019-05-14T23:56:12.000000000  2019-05-14T23:56:12.000000000      1
                                                      sshd:B5FE07C6-DF3C-1F1D-A353-BBC89B875478 EXECUTE   sshd               2019-05-14T23:58:39.000000000  2019-05-14T23:58:39.000000000      1
                                                      sshd:95859D0D-B7E0-4B93-446A-7FB4B89CA63E EXECUTE   sshd               2019-05-15T00:02:06.000000000  2019-05-15T00:02:06.000000000      1
                                                      sshd:FFADF7BC-0DDF-385A-8A50-2C59373E19EC EXECUTE   sshd               2019-05-15T00:05:49.000000000  2019-05-15T00:05:49.000000000      1
                                                      sshd:6CA9B799-EA5B-DAE2-9DAD-57E924DF4C63 EXECUTE   sshd               2019-05-15T00:06:39.000000000  2019-05-15T00:06:39.000000000      1
                                                      sshd:484C9B7E-A874-8750-A9FD-1A2D4296338E EXECUTE   sshd               2019-05-15T00:07:39.000000000  2019-05-15T00:07:39.000000000      1
                                                      sshd:0AEF644B-4CE0-7AD1-93D9-F0BE3E48A861 EXECUTE   sshd               2019-05-15T00:08:05.000000000  2019-05-15T00:08:05.000000000      1
                                                      sshd:11CBDDC5-44AC-0A33-1485-A89BD5BF260E FORK      sshd               2019-05-15T00:15:55.000000000  2019-05-15T00:15:55.000000000      1
                                                      sshd:7ED5FD4F-B947-3935-348F-BD7ECBE3CB6E EXECUTE   sshd               2019-05-15T00:15:55.000000000  2019-05-15T00:15:55.000000000      1
                                                      sshd:3F881E14-A072-99A0-612A-17A22683D64C EXECUTE   sh                 2019-05-15T00:18:44.000000000  2019-05-15T00:18:44.000000000      1
                                                      sshd:5262C752-9B9D-F743-5C83-6486F2A9DD24 EXECUTE   sshd               2019-05-15T00:18:44.000000000  2019-05-15T00:18:44.000000000      1
                                                      sshd:4F8270B0-5336-5FB3-46C8-42E38937DC5B FORK      sshd               2019-05-15T00:18:44.000000000  2019-05-15T00:18:44.000000000      1
                                                      sshd:08570312-2DEC-1452-07FC-B61DF5D33F3F EXECUTE   sh                 2019-05-15T00:22:46.000000000  2019-05-15T00:22:46.000000000      1
                                                      sshd:870C897C-C0B5-BA98-0BC0-F867B45BDB2F FORK      sshd               2019-05-15T00:22:46.000000000  2019-05-15T00:22:47.000000000      2
                                                      sshd:9054AF28-949E-4F52-05DC-155ED7CF7C92 EXECUTE   sshd               2019-05-15T00:22:46.000000000  2019-05-15T00:22:46.000000000      1
                                                      sshd:DA4FBDCB-25C9-5DB9-29A5-74605D649C17 EXECUTE   sh                 2019-05-15T00:23:33.000000000  2019-05-15T00:23:33.000000000      1
                                                      sshd:BCF7E885-9C2F-2370-CF11-47C49E865552 EXECUTE   sshd               2019-05-15T00:23:33.000000000  2019-05-15T00:23:33.000000000      1
                                                      sshd:E09EC180-9544-CE0C-C13E-871789DDF957 FORK      sshd               2019-05-15T00:23:33.000000000  2019-05-15T00:23:33.000000000      1
                                                      sshd:CD5D541F-8165-7288-7904-9539477C028B EXECUTE   sshd               2019-05-15T00:23:34.000000000  2019-05-15T00:23:34.000000000      1
                                                      sshd:2ACF858F-C6D7-0A37-6C8F-6C786E65D504 EXECUTE   sh                 2019-05-15T00:23:34.000000000  2019-05-15T00:23:34.000000000      1
                                                      sshd:E8924AA9-3BBC-D334-854E-23937FF1CD62 FORK      sshd               2019-05-15T00:23:34.000000000  2019-05-15T00:23:34.000000000      1
                                                      sshd:F7FDB4DA-C163-F271-E9BB-BE8A00A7924F EXECUTE   sshd               2019-05-15T00:25:40.000000000  2019-05-15T00:25:40.000000000      1
                                                      sshd:98B05BE6-F275-3E08-EBB8-6825FD1866FE FORK      sshd               2019-05-15T00:25:40.000000000  2019-05-15T00:25:40.000000000      1
                                                      sshd:D530400E-2524-CF02-0BB9-21CB67AA62F6 EXECUTE   sh                 2019-05-15T00:25:40.000000000  2019-05-15T00:25:40.000000000      1
                                                      sshd:C884F235-1751-4BFD-38E1-B761AA1FF151 FORK      sshd               2019-05-15T00:28:01.000000000  2019-05-15T00:28:01.000000000      1
                                                      sshd:225DFA67-6A8A-4DC8-76F2-6A62F1C36399 EXECUTE   sshd               2019-05-15T00:28:01.000000000  2019-05-15T00:28:01.000000000      1
                                                      sshd:19519472-8C43-A52A-CCC1-87430A1F926B EXECUTE   sh                 2019-05-15T00:28:01.000000000  2019-05-15T00:28:01.000000000      1
                                                      sshd:02D2CAD2-7FBD-51DC-F89A-B481D17B0243 FORK      sshd               2019-05-15T00:28:09.000000000  2019-05-15T00:28:10.000000000      2
                                                      sshd:A07E5769-65C6-7B48-399D-29BB4727D9C6 EXECUTE   sshd               2019-05-15T00:28:09.000000000  2019-05-15T00:28:09.000000000      1
                                                      sshd:F725634E-545D-41A2-CE90-6A451C1E05FC EXECUTE   sh                 2019-05-15T00:28:09.000000000  2019-05-15T00:28:09.000000000      1
                                                      sshd:54C7C990-3A5E-48A3-66D5-0B3BC3142816 EXECUTE   sshd               2019-05-15T00:29:41.000000000  2019-05-15T00:29:41.000000000      1
                                                      sshd:B22669BD-7161-E171-3BA3-FB04A22943DA EXECUTE   sshd               2019-05-15T00:31:18.000000000  2019-05-15T00:31:18.000000000      1
                                                      sshd:BE57F8A7-9577-777C-2944-99AF6A30DDDC EXECUTE   sshd               2019-05-15T00:35:26.000000000  2019-05-15T00:35:26.000000000      1
                                                      sshd:3CA795B5-1419-6B42-2567-335E626B8B4A EXECUTE   sshd               2019-05-15T00:35:53.000000000  2019-05-15T00:35:53.000000000      1
                                                      sshd:4DB123EC-CBD3-6B52-E5B0-ABA9F32BC41C FORK      sshd               2019-05-15T00:35:54.000000000  2019-05-15T00:35:54.000000000      1
                                                      sshd:57207630-DE3C-03AA-AF76-9993BEB8FE7A EXECUTE   sshd               2019-05-15T00:39:25.000000000  2019-05-15T00:39:25.000000000      1
                                                      sshd:C74A1F1E-4403-06D6-17F4-EEB405BAE742 EXECUTE   sshd               2019-05-15T00:39:56.000000000  2019-05-15T00:39:56.000000000      1
                                                      sshd:B194BA3D-F0C9-D497-195A-E0CA0B2F3E0D EXECUTE   sshd               2019-05-15T00:40:07.000000000  2019-05-15T00:40:07.000000000      1
                                                      sshd:AD6C7C3A-5037-C8D7-B3C2-901BB9EF1EB6 EXECUTE   sshd               2019-05-15T00:41:08.000000000  2019-05-15T00:41:08.000000000      1
                                                      sshd:900A858E-040C-72BD-D54B-DB49D4131DDD EXECUTE   sshd               2019-05-15T00:41:09.000000000  2019-05-15T00:41:09.000000000      1
                                                      sshd:62294A4D-E1EE-622D-32A5-DF71BB730FC2 FORK      sshd               2019-05-15T00:43:25.000000000  2019-05-15T00:43:25.000000000      1
                                                      sshd:5900C9E5-EAE1-4722-485C-6B418525E645 EXECUTE   sshd               2019-05-15T00:43:25.000000000  2019-05-15T00:43:25.000000000      1
                                                      sshd:AD7CE8CC-2AE5-9176-5621-ED72CCE0A7EF EXECUTE   sshd               2019-05-15T00:46:59.000000000  2019-05-15T00:46:59.000000000      1
                                                      sshd:23D52273-1F65-2904-7D72-DFADE55A868E FORK      sshd               2019-05-15T00:46:59.000000000  2019-05-15T00:46:59.000000000      1
                                                      sshd:B6A8E01C-0E5B-54EF-29FC-AF9AD53F34A8 EXECUTE   sshd               2019-05-15T00:51:58.000000000  2019-05-15T00:51:58.000000000      1
                                                      sshd:BC3150BC-709A-E73D-3A5B-5DE02B80EC22 EXECUTE   sshd               2019-05-15T00:57:12.000000000  2019-05-15T00:57:12.000000000      1
                                                      sshd:9C17EDB1-547B-F9CE-1D8D-DD5DAEE8EADA EXECUTE   sshd               2019-05-15T00:57:16.000000000  2019-05-15T00:57:16.000000000      1
                                                      sshd:9263D7B0-BEE3-06D1-73D8-43D7F1A1B130 EXECUTE   sshd               2019-05-15T00:58:22.000000000  2019-05-15T00:58:22.000000000      1
                                                      sshd:74D1D2E3-AB4C-14E3-B8E8-A6C02CFEF4D5 EXECUTE   sshd               2019-05-15T01:00:40.000000000  2019-05-15T01:00:40.000000000      1
                                                      sshd:EA67D0D6-AEE4-5712-CB2F-C03967A0FF57 EXECUTE   sshd               2019-05-15T01:02:22.000000000  2019-05-15T01:02:22.000000000      1
                                                      sshd:0CA98B6A-4A92-15ED-B396-BBC2518CD437 EXECUTE   sshd               2019-05-15T01:06:07.000000000  2019-05-15T01:06:07.000000000      1
                                                      sshd:D63F4123-21BD-779F-8C1F-BFCA79B74295 EXECUTE   sshd               2019-05-15T01:06:30.000000000  2019-05-15T01:06:30.000000000      1
                                                      sshd:8AE9CBAF-8535-5BEF-72CB-59183240CA79 EXECUTE   sshd               2019-05-15T01:08:02.000000000  2019-05-15T01:08:02.000000000      1
                                                      sshd:09CBAE6B-B03F-D22E-8552-56BBCB983850 FORK      sshd               2019-05-15T01:08:10.000000000  2019-05-15T01:08:10.000000000      1
                                                      sshd:ABB7975E-935F-C0CC-4DE7-1E8BF8C2D1E4 EXECUTE   sshd               2019-05-15T01:08:10.000000000  2019-05-15T01:08:10.000000000      1
                                                      sshd:87FF0C96-C802-6D6A-7E95-E85A7B99AAF9 EXECUTE   sshd               2019-05-15T01:10:21.000000000  2019-05-15T01:10:21.000000000      1
                                                      sshd:9719E576-BECF-F3FA-7612-57A7DFCAF7CD EXECUTE   sshd               2019-05-15T01:11:58.000000000  2019-05-15T01:11:58.000000000      1
                                                      sshd:1EA2E1AD-FA4A-4FD0-4005-C2F0BB7197DB EXECUTE   sshd               2019-05-15T01:15:39.000000000  2019-05-15T01:15:39.000000000      1
                                                      sshd:8A019091-6A62-7ACA-C584-CC9561ED1B25 EXECUTE   sshd               2019-05-15T01:17:47.000000000  2019-05-15T01:17:47.000000000      1
                                                      sshd:C2218A27-5C1E-218D-047D-92326763143C EXECUTE   sshd               2019-05-15T01:21:17.000000000  2019-05-15T01:21:17.000000000      1
                                                      sshd:2942417F-F946-8614-EA35-36ADEFDB9CDA EXECUTE   sshd               2019-05-15T01:23:11.000000000  2019-05-15T01:23:11.000000000      1
                                                      sshd:D67DBD37-C11A-87CB-F9AC-9CB92A24565E EXECUTE   sshd               2019-05-15T01:24:46.000000000  2019-05-15T01:24:46.000000000      1
                                                      sshd:F75E3867-76DB-1F2F-B674-E463AEB9F30E FORK      sshd               2019-05-15T01:24:47.000000000  2019-05-15T01:24:47.000000000      1
                                                      sshd:30BB704F-2E56-F39B-027D-7DBB6457BA82 EXECUTE   sshd               2019-05-15T01:25:35.000000000  2019-05-15T01:25:35.000000000      1
                                                      sshd:82AC9E79-7A76-71CE-47C6-82F0D5ED0059 EXECUTE   sshd               2019-05-15T01:30:21.000000000  2019-05-15T01:30:21.000000000      1

Privilage Escalation
T1055: Process Injection
Empty DataFrame
Columns: [host, detection_timestamp, source, SYSCALL, Target, Count, threat_Score, certainity_Score]
Index: []

T1068: Exploitation for Privilege Escalation
Empty DataFrame
Columns: [host, detection_timestamp, source, Intermediate_process, SYSCALL_2, Target, Count, threat_Score, certainity_Score]
Index: []

T1068: Exploitation for Privilege Escalation-2
Empty DataFrame
Columns: [host, detection_timestamp, source, SYSCALL, Target, Count, threat_Score, certainity_Score]
Index: []


Lateral Movement
Empty DataFrame
Columns: [host, detection_timestamp, source, SYSCALL, detection_details, threat_Score, certainity_Score]
Index: []

EXFIL PROV
Empty DataFrame
Columns: [First_Occurence, Last_Occurence, Count]
Index: []

EXFIL Internal
Empty DataFrame
Columns: [First_Occurence, Last_Occurence, Count]
Index: []


Cleanup Tracks
Clear logs
Empty DataFrame
Columns: [host, detection_timestamp, source, SYSCALL, detection_details, threat_Score, certainity_Score]
Index: []

Untrusted File RM
Empty DataFrame
Columns: [host, detection_timestamp, source, SYSCALL, detection_details, threat_Score, certainity_Score]
Index: []

Time taken(seconds): 5512.8907952308655

