(apthunter) riru@vm-riru-01:~/APTHunter/APTHunter/4-Detection-Engine$ python3 detection_engine_APTHunt_DARPA.py
2019-05-13 18:00:00-04:00
2019-05-15 12:00:00-04:00
I am APTHunt script
Incoming_Connections
Empty DataFrame
Columns: [host, detection_timestamp, source, SYSCALL, detection_details, threat_Score, certainity_Score]
Index: []

T1190 Exploit Public-Facing Applications (Initial Compromise)
          host                  detection_timestamp                                                 source  SYSCALL detection_details  threat_Score  certainity_Score
0  ta1-trace-2  2019-05-14T10:21:33.000000000-04:00  35.106.122.76:80:29AB8369-EE84-120E-6DED-0B970C464C4F  CONNECT              sshd           5.0              10.0
1  ta1-trace-2  2019-05-14T10:21:33.000000000-04:00              sshd:DEF8FC47-7A9A-FBED-6B2A-08B2189BECCD  CONNECT  35.106.122.76:80           5.0              10.0

T1571 Non_Standard_Port (Initial Compromise)
          host                  detection_timestamp                                                 source  SYSCALL detection_details  threat_Score  certainity_Score
0  ta1-trace-2  2019-05-14T10:21:33.000000000-04:00  35.106.122.76:80:29AB8369-EE84-120E-6DED-0B970C464C4F  CONNECT              sshd           5.0              10.0
1  ta1-trace-2  2019-05-14T10:21:33.000000000-04:00              sshd:DEF8FC47-7A9A-FBED-6B2A-08B2189BECCD  CONNECT  35.106.122.76:80           5.0              10.0

T1584-001 Domain_Hijaking
Empty DataFrame
Columns: [host, detection_timestamp, source, SYSCALL, Intermediate_process, SYSCALL_2, IP Address, Count, threat_Score, certainity_Score]
Index: []


